This file contains any messages produced by compilers while
running configure, to aid debugging if configure makes a mistake.

It was created by configure, which was
generated by GNU Autoconf 2.61.  Invocation command line was

  $ ./configure 

## --------- ##
## Platform. ##
## --------- ##

hostname = HONC02WK0HEHTD8
uname -m = x86_64
uname -r = 19.6.0
uname -s = Darwin
uname -v = Darwin Kernel Version 19.6.0: Thu May  6 00:48:39 PDT 2021; root:xnu-6153.141.33~1/RELEASE_X86_64

/usr/bin/uname -p = i386
/bin/uname -X     = unknown

/bin/arch              = unknown
/usr/bin/arch -k       = unknown
/usr/convex/getsysinfo = unknown
/usr/bin/hostinfo      = Mach kernel version:
	 Darwin Kernel Version 19.6.0: Thu May  6 00:48:39 PDT 2021; root:xnu-6153.141.33~1/RELEASE_X86_64
Kernel configured for up to 8 processors.
4 processors are physically available.
8 processors are logically available.
Processor type: x86_64h (Intel x86-64h Haswell)
Processors active: 0 1 2 3 4 5 6 7
Primary memory available: 16.00 gigabytes
Default processor set: 514 tasks, 2604 threads, 8 processors
Load average: 1.62, Mach factor: 6.37
/bin/machine           = unknown
/usr/bin/oslevel       = unknown
/bin/universe          = unknown

PATH: /Library/Frameworks/Python.framework/Versions/3.8/bin
PATH: /Library/Frameworks/Python.framework/Versions/3.9/bin
PATH: /usr/local/bin
PATH: /usr/bin
PATH: /bin
PATH: /usr/sbin
PATH: /sbin
PATH: /Library/Apple/usr/bin
PATH: /Library/Frameworks/Python.framework/Versions/3.8/bin
PATH: /Library/Frameworks/Python.framework/Versions/3.9/bin


## ----------- ##
## Core tests. ##
## ----------- ##

configure:1990: checking build system type
configure:2008: result: i386-apple-darwin19.6.0
configure:2030: checking host system type
configure:2045: result: i386-apple-darwin19.6.0
configure:2067: checking target system type
configure:2082: result: i386-apple-darwin19.6.0
configure:2159: checking for a BSD-compatible install
configure:2215: result: /usr/bin/install -c
configure:2226: checking whether build environment is sane
configure:2269: result: yes
configure:2284: checking for a thread-safe mkdir -p
configure:2323: result: config/install-sh -c -d
configure:2336: checking for gawk
configure:2366: result: no
configure:2336: checking for mawk
configure:2366: result: no
configure:2336: checking for nawk
configure:2366: result: no
configure:2336: checking for awk
configure:2352: found /usr/bin/awk
configure:2363: result: awk
configure:2374: checking whether make sets $(MAKE)
configure:2395: result: yes
configure:2708: checking for g++
configure:2724: found /usr/bin/g++
configure:2735: result: g++
configure:2766: checking for C++ compiler version
configure:2773: g++ --version >&5
Configured with: --prefix=/Applications/Xcode.app/Contents/Developer/usr --with-gxx-include-dir=/Library/Developer/CommandLineTools/SDKs/MacOSX.sdk/usr/include/c++/4.2.1
Apple clang version 12.0.0 (clang-1200.0.32.29)
Target: x86_64-apple-darwin19.6.0
Thread model: posix
InstalledDir: /Applications/Xcode.app/Contents/Developer/Toolchains/XcodeDefault.xctoolchain/usr/bin
configure:2776: $? = 0
configure:2783: g++ -v >&5
Configured with: --prefix=/Applications/Xcode.app/Contents/Developer/usr --with-gxx-include-dir=/Library/Developer/CommandLineTools/SDKs/MacOSX.sdk/usr/include/c++/4.2.1
Apple clang version 12.0.0 (clang-1200.0.32.29)
Target: x86_64-apple-darwin19.6.0
Thread model: posix
InstalledDir: /Applications/Xcode.app/Contents/Developer/Toolchains/XcodeDefault.xctoolchain/usr/bin
configure:2786: $? = 0
configure:2793: g++ -V >&5
clang: error: argument to '-V' is missing (expected 1 value)
clang: error: no input files
configure:2796: $? = 1
configure:2819: checking for C++ compiler default output file name
configure:2846: g++    conftest.cpp  >&5
configure:2849: $? = 0
configure:2887: result: a.out
configure:2904: checking whether the C++ compiler works
configure:2914: ./a.out
configure:2917: $? = 0
configure:2934: result: yes
configure:2941: checking whether we are cross compiling
configure:2943: result: no
configure:2946: checking for suffix of executables
configure:2953: g++ -o conftest    conftest.cpp  >&5
configure:2956: $? = 0
configure:2980: result: 
configure:2986: checking for suffix of object files
configure:3012: g++ -c   conftest.cpp >&5
configure:3015: $? = 0
configure:3038: result: o
configure:3042: checking whether we are using the GNU C++ compiler
configure:3071: g++ -c   conftest.cpp >&5
configure:3077: $? = 0
configure:3094: result: yes
configure:3099: checking whether g++ accepts -g
configure:3129: g++ -c -g  conftest.cpp >&5
configure:3135: $? = 0
configure:3234: result: yes
configure:3268: checking for style of include used by make
configure:3296: result: GNU
configure:3321: checking dependency style of g++
configure:3412: result: gcc3
configure:3499: checking for gcc
configure:3515: found /usr/bin/gcc
configure:3526: result: gcc
configure:3764: checking for C compiler version
configure:3771: gcc --version >&5
Configured with: --prefix=/Applications/Xcode.app/Contents/Developer/usr --with-gxx-include-dir=/Library/Developer/CommandLineTools/SDKs/MacOSX.sdk/usr/include/c++/4.2.1
Apple clang version 12.0.0 (clang-1200.0.32.29)
Target: x86_64-apple-darwin19.6.0
Thread model: posix
InstalledDir: /Applications/Xcode.app/Contents/Developer/Toolchains/XcodeDefault.xctoolchain/usr/bin
configure:3774: $? = 0
configure:3781: gcc -v >&5
Configured with: --prefix=/Applications/Xcode.app/Contents/Developer/usr --with-gxx-include-dir=/Library/Developer/CommandLineTools/SDKs/MacOSX.sdk/usr/include/c++/4.2.1
Apple clang version 12.0.0 (clang-1200.0.32.29)
Target: x86_64-apple-darwin19.6.0
Thread model: posix
InstalledDir: /Applications/Xcode.app/Contents/Developer/Toolchains/XcodeDefault.xctoolchain/usr/bin
configure:3784: $? = 0
configure:3791: gcc -V >&5
clang: error: argument to '-V' is missing (expected 1 value)
clang: error: no input files
configure:3794: $? = 1
configure:3797: checking whether we are using the GNU C compiler
configure:3826: gcc -c   conftest.c >&5
configure:3832: $? = 0
configure:3849: result: yes
configure:3854: checking whether gcc accepts -g
configure:3884: gcc -c -g  conftest.c >&5
configure:3890: $? = 0
configure:3989: result: yes
configure:4006: checking for gcc option to accept ISO C89
configure:4080: gcc  -c -g -O2  conftest.c >&5
configure:4086: $? = 0
configure:4109: result: none needed
configure:4129: checking dependency style of gcc
configure:4220: result: gcc3
configure:4235: checking for a sed that does not truncate output
configure:4291: result: /usr/bin/sed
configure:4294: checking for grep that handles long lines and -e
configure:4368: result: /usr/bin/grep
configure:4373: checking for egrep
configure:4451: result: /usr/bin/grep -E
configure:4467: checking for ld used by gcc
configure:4534: result: /Applications/Xcode.app/Contents/Developer/Toolchains/XcodeDefault.xctoolchain/usr/bin/ld
configure:4543: checking if the linker (/Applications/Xcode.app/Contents/Developer/Toolchains/XcodeDefault.xctoolchain/usr/bin/ld) is GNU ld
configure:4558: result: no
configure:4563: checking for /Applications/Xcode.app/Contents/Developer/Toolchains/XcodeDefault.xctoolchain/usr/bin/ld option to reload object files
configure:4570: result: -r
configure:4588: checking for BSD-compatible nm
configure:4637: result: /usr/bin/nm -B
configure:4641: checking whether ln -s works
configure:4645: result: yes
configure:4652: checking how to recognize dependent libraries
configure:4838: result: pass_all
configure:5084: checking how to run the C preprocessor
configure:5124: gcc -E  conftest.c
configure:5130: $? = 0
configure:5161: gcc -E  conftest.c
conftest.c:10:10: fatal error: 'ac_nonexistent.h' file not found
#include <ac_nonexistent.h>
         ^~~~~~~~~~~~~~~~~~
1 error generated.
configure:5167: $? = 1
configure: failed program was:
| /* confdefs.h.  */
| #define PACKAGE_NAME ""
| #define PACKAGE_TARNAME ""
| #define PACKAGE_VERSION ""
| #define PACKAGE_STRING ""
| #define PACKAGE_BUGREPORT ""
| #define PACKAGE "rlog"
| #define VERSION "1.4"
| /* end confdefs.h.  */
| #include <ac_nonexistent.h>
configure:5200: result: gcc -E
configure:5229: gcc -E  conftest.c
configure:5235: $? = 0
configure:5266: gcc -E  conftest.c
conftest.c:10:10: fatal error: 'ac_nonexistent.h' file not found
#include <ac_nonexistent.h>
         ^~~~~~~~~~~~~~~~~~
1 error generated.
configure:5272: $? = 1
configure: failed program was:
| /* confdefs.h.  */
| #define PACKAGE_NAME ""
| #define PACKAGE_TARNAME ""
| #define PACKAGE_VERSION ""
| #define PACKAGE_STRING ""
| #define PACKAGE_BUGREPORT ""
| #define PACKAGE "rlog"
| #define VERSION "1.4"
| /* end confdefs.h.  */
| #include <ac_nonexistent.h>
configure:5310: checking for ANSI C header files
configure:5340: gcc -c -g -O2  conftest.c >&5
configure:5346: $? = 0
configure:5445: gcc -o conftest -g -O2   conftest.c  >&5
configure:5448: $? = 0
configure:5454: ./conftest
configure:5457: $? = 0
configure:5474: result: yes
configure:5498: checking for sys/types.h
configure:5519: gcc -c -g -O2  conftest.c >&5
configure:5525: $? = 0
configure:5541: result: yes
configure:5498: checking for sys/stat.h
configure:5519: gcc -c -g -O2  conftest.c >&5
configure:5525: $? = 0
configure:5541: result: yes
configure:5498: checking for stdlib.h
configure:5519: gcc -c -g -O2  conftest.c >&5
configure:5525: $? = 0
configure:5541: result: yes
configure:5498: checking for string.h
configure:5519: gcc -c -g -O2  conftest.c >&5
configure:5525: $? = 0
configure:5541: result: yes
configure:5498: checking for memory.h
configure:5519: gcc -c -g -O2  conftest.c >&5
configure:5525: $? = 0
configure:5541: result: yes
configure:5498: checking for strings.h
configure:5519: gcc -c -g -O2  conftest.c >&5
configure:5525: $? = 0
configure:5541: result: yes
configure:5498: checking for inttypes.h
configure:5519: gcc -c -g -O2  conftest.c >&5
configure:5525: $? = 0
configure:5541: result: yes
configure:5498: checking for stdint.h
configure:5519: gcc -c -g -O2  conftest.c >&5
configure:5525: $? = 0
configure:5541: result: yes
configure:5498: checking for unistd.h
configure:5519: gcc -c -g -O2  conftest.c >&5
configure:5525: $? = 0
configure:5541: result: yes
configure:5568: checking dlfcn.h usability
configure:5585: gcc -c -g -O2  conftest.c >&5
configure:5591: $? = 0
configure:5605: result: yes
configure:5609: checking dlfcn.h presence
configure:5624: gcc -E  conftest.c
configure:5630: $? = 0
configure:5644: result: yes
configure:5672: checking for dlfcn.h
configure:5680: result: yes
configure:5703: checking how to run the C++ preprocessor
configure:5739: g++ -E  conftest.cpp
configure:5745: $? = 0
configure:5776: g++ -E  conftest.cpp
conftest.cpp:21:10: fatal error: 'ac_nonexistent.h' file not found
#include <ac_nonexistent.h>
         ^~~~~~~~~~~~~~~~~~
1 error generated.
configure:5782: $? = 1
configure: failed program was:
| /* confdefs.h.  */
| #define PACKAGE_NAME ""
| #define PACKAGE_TARNAME ""
| #define PACKAGE_VERSION ""
| #define PACKAGE_STRING ""
| #define PACKAGE_BUGREPORT ""
| #define PACKAGE "rlog"
| #define VERSION "1.4"
| #define STDC_HEADERS 1
| #define HAVE_SYS_TYPES_H 1
| #define HAVE_SYS_STAT_H 1
| #define HAVE_STDLIB_H 1
| #define HAVE_STRING_H 1
| #define HAVE_MEMORY_H 1
| #define HAVE_STRINGS_H 1
| #define HAVE_INTTYPES_H 1
| #define HAVE_STDINT_H 1
| #define HAVE_UNISTD_H 1
| #define HAVE_DLFCN_H 1
| /* end confdefs.h.  */
| #include <ac_nonexistent.h>
configure:5815: result: g++ -E
configure:5844: g++ -E  conftest.cpp
configure:5850: $? = 0
configure:5881: g++ -E  conftest.cpp
conftest.cpp:21:10: fatal error: 'ac_nonexistent.h' file not found
#include <ac_nonexistent.h>
         ^~~~~~~~~~~~~~~~~~
1 error generated.
configure:5887: $? = 1
configure: failed program was:
| /* confdefs.h.  */
| #define PACKAGE_NAME ""
| #define PACKAGE_TARNAME ""
| #define PACKAGE_VERSION ""
| #define PACKAGE_STRING ""
| #define PACKAGE_BUGREPORT ""
| #define PACKAGE "rlog"
| #define VERSION "1.4"
| #define STDC_HEADERS 1
| #define HAVE_SYS_TYPES_H 1
| #define HAVE_SYS_STAT_H 1
| #define HAVE_STDLIB_H 1
| #define HAVE_STRING_H 1
| #define HAVE_MEMORY_H 1
| #define HAVE_STRINGS_H 1
| #define HAVE_INTTYPES_H 1
| #define HAVE_STDINT_H 1
| #define HAVE_UNISTD_H 1
| #define HAVE_DLFCN_H 1
| /* end confdefs.h.  */
| #include <ac_nonexistent.h>
configure:5979: checking for g77
configure:6009: result: no
configure:5979: checking for xlf
configure:6009: result: no
configure:5979: checking for f77
configure:6009: result: no
configure:5979: checking for frt
configure:6009: result: no
configure:5979: checking for pgf77
configure:6009: result: no
configure:5979: checking for cf77
configure:6009: result: no
configure:5979: checking for fort77
configure:6009: result: no
configure:5979: checking for fl32
configure:6009: result: no
configure:5979: checking for af77
configure:6009: result: no
configure:5979: checking for xlf90
configure:6009: result: no
configure:5979: checking for f90
configure:6009: result: no
configure:5979: checking for pgf90
configure:6009: result: no
configure:5979: checking for pghpf
configure:6009: result: no
configure:5979: checking for epcf90
configure:6009: result: no
configure:5979: checking for gfortran
configure:6009: result: no
configure:5979: checking for g95
configure:6009: result: no
configure:5979: checking for xlf95
configure:6009: result: no
configure:5979: checking for f95
configure:6009: result: no
configure:5979: checking for fort
configure:6009: result: no
configure:5979: checking for ifort
configure:6009: result: no
configure:5979: checking for ifc
configure:6009: result: no
configure:5979: checking for efc
configure:6009: result: no
configure:5979: checking for pgf95
configure:6009: result: no
configure:5979: checking for lf95
configure:6009: result: no
configure:5979: checking for ftn
configure:6009: result: no
configure:6036: checking for Fortran 77 compiler version
configure:6043:  --version >&5
./configure: line 6044: --version: command not found
configure:6046: $? = 127
configure:6053:  -v >&5
./configure: line 6054: -v: command not found
configure:6056: $? = 127
configure:6063:  -V >&5
./configure: line 6064: -V: command not found
configure:6066: $? = 127
configure:6074: checking whether we are using the GNU Fortran 77 compiler
configure:6093:  -c  conftest.F >&5
./configure: line 6094: -c: command not found
configure:6099: $? = 127
configure: failed program was:
|       program main
| #ifndef __GNUC__
|        choke me
| #endif
| 
|       end
configure:6116: result: no
configure:6122: checking whether  accepts -g
configure:6139:  -c -g conftest.f >&5
./configure: line 6140: -c: command not found
configure:6145: $? = 127
configure: failed program was:
|       program main
| 
|       end
configure:6161: result: no
configure:6190: checking the maximum length of command line arguments
configure:6302: result: 196608
configure:6314: checking command to parse /usr/bin/nm -B output from gcc object
configure:6419: g++ -c -g -O2  conftest.cpp >&5
configure:6422: $? = 0
configure:6426: /usr/bin/nm -B conftest.o \| sed -n -e 's/^.*[ 	]\([BCDEGRST][BCDEGRST]*\)[ 	][ 	]*\([_A-Za-z][_A-Za-z0-9]*\)$/\1 \2 \2/p' \> conftest.nm
configure:6429: $? = 0
cannot find nm_test_var in conftest.nm
configure:6419: g++ -c -g -O2  conftest.cpp >&5
configure:6422: $? = 0
configure:6426: /usr/bin/nm -B conftest.o \| sed -n -e 's/^.*[ 	]\([BCDEGRST][BCDEGRST]*\)[ 	][ 	]*_\([_A-Za-z][_A-Za-z0-9]*\)$/\1 _\2 \2/p' \> conftest.nm
configure:6429: $? = 0
configure:6481: g++ -o conftest -g -O2   conftest.cpp conftstm.o >&5
configure:6484: $? = 0
configure:6522: result: ok
configure:6526: checking for objdir
configure:6541: result: .libs
configure:6633: checking for ar
configure:6649: found /usr/bin/ar
configure:6660: result: ar
configure:6729: checking for ranlib
configure:6745: found /usr/bin/ranlib
configure:6756: result: ranlib
configure:6825: checking for strip
configure:6841: found /usr/bin/strip
configure:6852: result: strip
configure:7109: checking for dsymutil
configure:7125: found /usr/bin/dsymutil
configure:7136: result: dsymutil
configure:7205: checking for nmedit
configure:7221: found /usr/bin/nmedit
configure:7232: result: nmedit
configure:7259: checking for -single_module linker flag
configure:7280: result: yes
configure:7282: checking for -exported_symbols_list linker flag
configure:7312: g++ -o conftest -g -O2   -Wl,-exported_symbols_list,conftest.sym conftest.cpp  >&5
configure:7318: $? = 0
configure:7337: result: yes
configure:7450: checking if gcc supports -fno-rtti -fno-exceptions
configure:7468: gcc -c -g -O2  -fno-rtti -fno-exceptions conftest.c >&5
configure:7472: $? = 0
configure:7485: result: yes
configure:7500: checking for gcc option to produce PIC
configure:7732: result: -fno-common
configure:7740: checking if gcc PIC flag -fno-common works
configure:7758: gcc -c -g -O2  -fno-common -DPIC conftest.c >&5
configure:7762: $? = 0
configure:7775: result: yes
configure:7803: checking if gcc static flag -static works
configure:7831: result: no
configure:7841: checking if gcc supports -c -o file.o
configure:7862: gcc -c -g -O2  -o out/conftest2.o conftest.c >&5
configure:7866: $? = 0
configure:7888: result: yes
configure:7914: checking whether the gcc linker (/Applications/Xcode.app/Contents/Developer/Toolchains/XcodeDefault.xctoolchain/usr/bin/ld) supports shared libraries
configure:8895: result: yes
configure:8962: checking dynamic linker characteristics
configure:9576: result: darwin19.6.0 dyld
configure:9600: checking how to hardcode library paths into programs
configure:9625: result: immediate
configure:9639: checking whether stripping libraries is possible
configure:9653: result: yes
configure:10446: checking if libtool supports shared libraries
configure:10448: result: yes
configure:10451: checking whether to build shared libraries
configure:10472: result: yes
configure:10475: checking whether to build static libraries
configure:10479: result: no
configure:10573: creating libtool
configure:11166: checking for ld used by g++
configure:11233: result: /Applications/Xcode.app/Contents/Developer/Toolchains/XcodeDefault.xctoolchain/usr/bin/ld
configure:11242: checking if the linker (/Applications/Xcode.app/Contents/Developer/Toolchains/XcodeDefault.xctoolchain/usr/bin/ld) is GNU ld
configure:11257: result: no
configure:11308: checking whether the g++ linker (/Applications/Xcode.app/Contents/Developer/Toolchains/XcodeDefault.xctoolchain/usr/bin/ld) supports shared libraries
configure:12254: result: yes
configure:12271: g++ -c -g -O2  conftest.cpp >&5
configure:12274: $? = 0
configure:12430: checking for g++ option to produce PIC
configure:12714: result: -fno-common
configure:12722: checking if g++ PIC flag -fno-common works
configure:12740: g++ -c -g -O2  -fno-common -DPIC conftest.cpp >&5
configure:12744: $? = 0
configure:12757: result: yes
configure:12785: checking if g++ static flag -static works
configure:12813: result: no
configure:12823: checking if g++ supports -c -o file.o
configure:12844: g++ -c -g -O2  -o out/conftest2.o conftest.cpp >&5
configure:12848: $? = 0
configure:12870: result: yes
configure:12896: checking whether the g++ linker (/Applications/Xcode.app/Contents/Developer/Toolchains/XcodeDefault.xctoolchain/usr/bin/ld) supports shared libraries
configure:12925: result: yes
configure:12992: checking dynamic linker characteristics
configure:13554: result: darwin19.6.0 dyld
configure:13578: checking how to hardcode library paths into programs
configure:13603: result: immediate
configure:20043: checking for the pthreads library -lpthreads
configure:20086: gcc -o conftest -g -O2    conftest.c -lpthreads  >&5
conftest.c:26:41: warning: null passed to a callee that requires a non-null argument [-Wnonnull]
                     pthread_attr_init(0); pthread_cleanup_push(0, 0);
                                       ~^
conftest.c:27:44: warning: null passed to a callee that requires a non-null argument [-Wnonnull]
                     pthread_create(0,0,0,0); pthread_cleanup_pop(0);
                                    ~      ^
conftest.c:27:44: warning: null passed to a callee that requires a non-null argument [-Wnonnull]
                     pthread_create(0,0,0,0); pthread_cleanup_pop(0);
                                        ~  ^
3 warnings generated.
ld: library not found for -lpthreads
clang: error: linker command failed with exit code 1 (use -v to see invocation)
configure:20092: $? = 1
configure: failed program was:
| /* confdefs.h.  */
| #define PACKAGE_NAME ""
| #define PACKAGE_TARNAME ""
| #define PACKAGE_VERSION ""
| #define PACKAGE_STRING ""
| #define PACKAGE_BUGREPORT ""
| #define PACKAGE "rlog"
| #define VERSION "1.4"
| #define STDC_HEADERS 1
| #define HAVE_SYS_TYPES_H 1
| #define HAVE_SYS_STAT_H 1
| #define HAVE_STDLIB_H 1
| #define HAVE_STRING_H 1
| #define HAVE_MEMORY_H 1
| #define HAVE_STRINGS_H 1
| #define HAVE_INTTYPES_H 1
| #define HAVE_STDINT_H 1
| #define HAVE_UNISTD_H 1
| #define HAVE_DLFCN_H 1
| /* end confdefs.h.  */
| #include <pthread.h>
| int
| main ()
| {
| pthread_t th; pthread_join(th, 0);
|                      pthread_attr_init(0); pthread_cleanup_push(0, 0);
|                      pthread_create(0,0,0,0); pthread_cleanup_pop(0);
|   ;
|   return 0;
| }
configure:20112: result: no
configure:19988: checking whether pthreads work without any flags
configure:20086: gcc -o conftest -g -O2    conftest.c   >&5
conftest.c:26:41: warning: null passed to a callee that requires a non-null argument [-Wnonnull]
                     pthread_attr_init(0); pthread_cleanup_push(0, 0);
                                       ~^
conftest.c:27:44: warning: null passed to a callee that requires a non-null argument [-Wnonnull]
                     pthread_create(0,0,0,0); pthread_cleanup_pop(0);
                                    ~      ^
conftest.c:27:44: warning: null passed to a callee that requires a non-null argument [-Wnonnull]
                     pthread_create(0,0,0,0); pthread_cleanup_pop(0);
                                        ~  ^
3 warnings generated.
configure:20092: $? = 0
configure:20112: result: yes
configure:20132: checking for joinable pthread attribute
configure:20155: gcc -o conftest -g -O2    conftest.c   >&5
configure:20161: $? = 0
configure:20229: result: PTHREAD_CREATE_JOINABLE
configure:20236: checking if more special flags are required for pthreads
configure:20243: result: -D_THREAD_SAFE
configure:20255: checking for cc_r
configure:20283: result: gcc
configure:20330: checking if __printf__ attribute can apply to function pointers
configure:20354: g++ -c -g -O2  conftest.cpp >&5
configure:20360: $? = 0
configure:20375: result: yes
configure:20393: checking if compiler has C99 variadac macro
configure:20413: g++ -c -g -O2  conftest.cpp >&5
configure:20419: $? = 0
configure:20425: result: yes
configure:20440: checking if compiler has pre-C99 variadac macro
configure:20460: g++ -c -g -O2  conftest.cpp >&5
configure:20466: $? = 0
configure:20472: result: yes
configure:20535: checking valgrind/valgrind.h usability
configure:20552: g++ -c -g -O2  conftest.cpp >&5
conftest.cpp:56:10: fatal error: 'valgrind/valgrind.h' file not found
#include <valgrind/valgrind.h>
         ^~~~~~~~~~~~~~~~~~~~~
1 error generated.
configure:20558: $? = 1
configure: failed program was:
| /* confdefs.h.  */
| #define PACKAGE_NAME ""
| #define PACKAGE_TARNAME ""
| #define PACKAGE_VERSION ""
| #define PACKAGE_STRING ""
| #define PACKAGE_BUGREPORT ""
| #define PACKAGE "rlog"
| #define VERSION "1.4"
| #define STDC_HEADERS 1
| #define HAVE_SYS_TYPES_H 1
| #define HAVE_SYS_STAT_H 1
| #define HAVE_STDLIB_H 1
| #define HAVE_STRING_H 1
| #define HAVE_MEMORY_H 1
| #define HAVE_STRINGS_H 1
| #define HAVE_INTTYPES_H 1
| #define HAVE_STDINT_H 1
| #define HAVE_UNISTD_H 1
| #define HAVE_DLFCN_H 1
| #define HAVE_PTHREAD 1
| #define USE_RDTSC 0
| /* end confdefs.h.  */
| #include <stdio.h>
| #ifdef HAVE_SYS_TYPES_H
| # include <sys/types.h>
| #endif
| #ifdef HAVE_SYS_STAT_H
| # include <sys/stat.h>
| #endif
| #ifdef STDC_HEADERS
| # include <stdlib.h>
| # include <stddef.h>
| #else
| # ifdef HAVE_STDLIB_H
| #  include <stdlib.h>
| # endif
| #endif
| #ifdef HAVE_STRING_H
| # if !defined STDC_HEADERS && defined HAVE_MEMORY_H
| #  include <memory.h>
| # endif
| # include <string.h>
| #endif
| #ifdef HAVE_STRINGS_H
| # include <strings.h>
| #endif
| #ifdef HAVE_INTTYPES_H
| # include <inttypes.h>
| #endif
| #ifdef HAVE_STDINT_H
| # include <stdint.h>
| #endif
| #ifdef HAVE_UNISTD_H
| # include <unistd.h>
| #endif
| #include <valgrind/valgrind.h>
configure:20572: result: no
configure:20576: checking valgrind/valgrind.h presence
configure:20591: g++ -E  conftest.cpp
conftest.cpp:23:10: fatal error: 'valgrind/valgrind.h' file not found
#include <valgrind/valgrind.h>
         ^~~~~~~~~~~~~~~~~~~~~
1 error generated.
configure:20597: $? = 1
configure: failed program was:
| /* confdefs.h.  */
| #define PACKAGE_NAME ""
| #define PACKAGE_TARNAME ""
| #define PACKAGE_VERSION ""
| #define PACKAGE_STRING ""
| #define PACKAGE_BUGREPORT ""
| #define PACKAGE "rlog"
| #define VERSION "1.4"
| #define STDC_HEADERS 1
| #define HAVE_SYS_TYPES_H 1
| #define HAVE_SYS_STAT_H 1
| #define HAVE_STDLIB_H 1
| #define HAVE_STRING_H 1
| #define HAVE_MEMORY_H 1
| #define HAVE_STRINGS_H 1
| #define HAVE_INTTYPES_H 1
| #define HAVE_STDINT_H 1
| #define HAVE_UNISTD_H 1
| #define HAVE_DLFCN_H 1
| #define HAVE_PTHREAD 1
| #define USE_RDTSC 0
| /* end confdefs.h.  */
| #include <valgrind/valgrind.h>
configure:20611: result: no
configure:20639: checking for valgrind/valgrind.h
configure:20646: result: no
configure:20739: checking for doxygen
configure:20770: result: no
configure:20780: checking for latex
configure:20811: result: no
configure:20821: checking for pdflatex
configure:20852: result: no
configure:20877: checking for localtime_r
configure:20933: g++ -o conftest -g -O2   conftest.cpp  >&5
configure:20939: $? = 0
configure:20957: result: yes
configure:20984: checking sstream usability
configure:21001: g++ -c -g -O2  conftest.cpp >&5
configure:21007: $? = 0
configure:21021: result: yes
configure:21025: checking sstream presence
configure:21040: g++ -E  conftest.cpp
configure:21046: $? = 0
configure:21060: result: yes
configure:21088: checking for sstream
configure:21096: result: yes
configure:21244: creating ./config.status

## ---------------------- ##
## Running config.status. ##
## ---------------------- ##

This file was extended by config.status, which was
generated by GNU Autoconf 2.61.  Invocation command line was

  CONFIG_FILES    = 
  CONFIG_HEADERS  = 
  CONFIG_LINKS    = 
  CONFIG_COMMANDS = 
  $ ./config.status 

on HONC02WK0HEHTD8

config.status:690: creating Makefile
config.status:690: creating rlog/Makefile
config.status:690: creating docs/Makefile
config.status:690: creating config/Makefile
config.status:690: creating rlog/common.h
config.status:690: creating librlog.pc
config.status:690: creating rlog.spec
config.status:690: creating makedist2.sh
config.status:690: creating config.h
config.status:921: config.h is unchanged
config.status:968: executing depfiles commands

## ---------------- ##
## Cache variables. ##
## ---------------- ##

ac_cv_build=i386-apple-darwin19.6.0
ac_cv_c_compiler_gnu=yes
ac_cv_cxx_compiler_gnu=yes
ac_cv_env_CCC_set=
ac_cv_env_CCC_value=
ac_cv_env_CC_set=
ac_cv_env_CC_value=
ac_cv_env_CFLAGS_set=
ac_cv_env_CFLAGS_value=
ac_cv_env_CPPFLAGS_set=
ac_cv_env_CPPFLAGS_value=
ac_cv_env_CPP_set=
ac_cv_env_CPP_value=
ac_cv_env_CXXCPP_set=
ac_cv_env_CXXCPP_value=
ac_cv_env_CXXFLAGS_set=
ac_cv_env_CXXFLAGS_value=
ac_cv_env_CXX_set=
ac_cv_env_CXX_value=
ac_cv_env_F77_set=
ac_cv_env_F77_value=
ac_cv_env_FFLAGS_set=
ac_cv_env_FFLAGS_value=
ac_cv_env_LDFLAGS_set=
ac_cv_env_LDFLAGS_value=
ac_cv_env_LIBS_set=
ac_cv_env_LIBS_value=
ac_cv_env_build_alias_set=
ac_cv_env_build_alias_value=
ac_cv_env_host_alias_set=
ac_cv_env_host_alias_value=
ac_cv_env_target_alias_set=
ac_cv_env_target_alias_value=
ac_cv_f77_compiler_gnu=no
ac_cv_func_localtime_r=yes
ac_cv_header_dlfcn_h=yes
ac_cv_header_inttypes_h=yes
ac_cv_header_memory_h=yes
ac_cv_header_sstream=yes
ac_cv_header_stdc=yes
ac_cv_header_stdint_h=yes
ac_cv_header_stdlib_h=yes
ac_cv_header_string_h=yes
ac_cv_header_strings_h=yes
ac_cv_header_sys_stat_h=yes
ac_cv_header_sys_types_h=yes
ac_cv_header_unistd_h=yes
ac_cv_header_valgrind_valgrind_h=no
ac_cv_host=i386-apple-darwin19.6.0
ac_cv_objext=o
ac_cv_path_DOXYGEN=no
ac_cv_path_EGREP='/usr/bin/grep -E'
ac_cv_path_GREP=/usr/bin/grep
ac_cv_path_LATEX=no
ac_cv_path_PDFLATEX=no
ac_cv_path_install='/usr/bin/install -c'
ac_cv_prog_AWK=awk
ac_cv_prog_CPP='gcc -E'
ac_cv_prog_CXXCPP='g++ -E'
ac_cv_prog_PTHREAD_CC=gcc
ac_cv_prog_ac_ct_AR=ar
ac_cv_prog_ac_ct_CC=gcc
ac_cv_prog_ac_ct_CXX=g++
ac_cv_prog_ac_ct_DSYMUTIL=dsymutil
ac_cv_prog_ac_ct_NMEDIT=nmedit
ac_cv_prog_ac_ct_RANLIB=ranlib
ac_cv_prog_ac_ct_STRIP=strip
ac_cv_prog_cc_c89=
ac_cv_prog_cc_g=yes
ac_cv_prog_cxx_g=yes
ac_cv_prog_f77_g=no
ac_cv_prog_make_make_set=yes
ac_cv_target=i386-apple-darwin19.6.0
am_cv_CC_dependencies_compiler_type=gcc3
am_cv_CXX_dependencies_compiler_type=gcc3
lt_cv_apple_cc_single_mod=yes
lt_cv_deplibs_check_method=pass_all
lt_cv_file_magic_cmd='$MAGIC_CMD'
lt_cv_file_magic_test_file=
lt_cv_ld_exported_symbols_list=yes
lt_cv_ld_reload_flag=-r
lt_cv_objdir=.libs
lt_cv_path_LD=/Applications/Xcode.app/Contents/Developer/Toolchains/XcodeDefault.xctoolchain/usr/bin/ld
lt_cv_path_LDCXX=/Applications/Xcode.app/Contents/Developer/Toolchains/XcodeDefault.xctoolchain/usr/bin/ld
lt_cv_path_NM='/usr/bin/nm -B'
lt_cv_path_SED=/usr/bin/sed
lt_cv_prog_compiler_c_o=yes
lt_cv_prog_compiler_c_o_CXX=yes
lt_cv_prog_compiler_pic_works=yes
lt_cv_prog_compiler_pic_works_CXX=yes
lt_cv_prog_compiler_rtti_exceptions=yes
lt_cv_prog_compiler_static_works=no
lt_cv_prog_compiler_static_works_CXX=no
lt_cv_prog_gnu_ld=no
lt_cv_prog_gnu_ldcxx=no
lt_cv_sys_global_symbol_pipe='sed -n -e '\''s/^.*[ 	]\([BCDEGRST][BCDEGRST]*\)[ 	][ 	]*_\([_A-Za-z][_A-Za-z0-9]*\)$/\1 _\2 \2/p'\'''
lt_cv_sys_global_symbol_to_c_name_address='sed -n -e '\''s/^: \([^ ]*\) $/  {\"\1\", (lt_ptr) 0},/p'\'' -e '\''s/^[BCDEGRST] \([^ ]*\) \([^ ]*\)$/  {"\2", (lt_ptr) \&\2},/p'\'''
lt_cv_sys_global_symbol_to_cdecl='sed -n -e '\''s/^. .* \(.*\)$/extern int \1;/p'\'''
lt_cv_sys_lib_dlsearch_path_spec='/usr/local/lib /lib /usr/lib'
lt_cv_sys_lib_search_path_spec='/Applications/Xcode.app/Contents/Developer/Toolchains/XcodeDefault.xctoolchain/usr/lib/clang/12.0.0 /usr/local/lib'
lt_cv_sys_max_cmd_len=196608
lt_lt_cv_prog_compiler_c_o='"yes"'
lt_lt_cv_prog_compiler_c_o_CXX='"yes"'
lt_lt_cv_sys_global_symbol_pipe='"sed -n -e '\''s/^.*[ 	]\\([BCDEGRST][BCDEGRST]*\\)[ 	][ 	]*_\\([_A-Za-z][_A-Za-z0-9]*\\)\$/\\1 _\\2 \\2/p'\''"'
lt_lt_cv_sys_global_symbol_to_c_name_address='"sed -n -e '\''s/^: \\([^ ]*\\) \$/  {\\\"\\1\\\", (lt_ptr) 0},/p'\'' -e '\''s/^[BCDEGRST] \\([^ ]*\\) \\([^ ]*\\)\$/  {\"\\2\", (lt_ptr) \\&\\2},/p'\''"'
lt_lt_cv_sys_global_symbol_to_cdecl='"sed -n -e '\''s/^. .* \\(.*\\)\$/extern int \\1;/p'\''"'

## ----------------- ##
## Output variables. ##
## ----------------- ##

ACLOCAL='${SHELL} /Users/e823551/Documents/TDDCPP/rlog-1.4/config/missing --run aclocal-1.10'
AMDEPBACKSLASH='\'
AMDEP_FALSE='#'
AMDEP_TRUE=''
AMTAR='${SHELL} /Users/e823551/Documents/TDDCPP/rlog-1.4/config/missing --run tar'
AR='ar'
AUTOCONF='${SHELL} /Users/e823551/Documents/TDDCPP/rlog-1.4/config/missing --run autoconf'
AUTODIRS=''
AUTOHEADER='${SHELL} /Users/e823551/Documents/TDDCPP/rlog-1.4/config/missing --run autoheader'
AUTOMAKE='${SHELL} /Users/e823551/Documents/TDDCPP/rlog-1.4/config/missing --run automake-1.10'
AWK='awk'
BUILD_DOCS_FALSE=''
BUILD_DOCS_TRUE='#'
C99_VARIADAC_MACROS='1'
CC='gcc'
CCDEPMODE='depmode=gcc3'
CFLAGS='-g -O2'
CPP='gcc -E'
CPPFLAGS=''
CXX='g++'
CXXCPP='g++ -E'
CXXDEPMODE='depmode=gcc3'
CXXFLAGS='-g -O2 -D_THREAD_SAFE  '
CYGPATH_W='echo'
DEFS='-DHAVE_CONFIG_H'
DEPDIR='.deps'
DOXYGEN='no'
DSYMUTIL='dsymutil'
ECHO='/bin/echo'
ECHO_C='ECHO_N=''
ECHO_T=''
EGREP='/usr/bin/grep -E'
EXEEXT=''
F77=''
FFLAGS=''
GREP='/usr/bin/grep'
HAVE_PRINTF_FP_PROTOTYPE='1'
INSTALL_DATA='${INSTALL} -m 644'
INSTALL_PROGRAM='${INSTALL}'
INSTALL_SCRIPT='${INSTALL}'
INSTALL_STRIP_PROGRAM='$(install_sh) -c -s'
LATEX='no'
LDFLAGS='  '
LIBOBJS=''
LIBRLOG_VERSION='5:0:0'
LIBS=''
LIBTOOL='$(SHELL) $(top_builddir)/libtool'
LN_S='ln -s'
LTLIBOBJS=''
MAKEINFO='${SHELL} /Users/e823551/Documents/TDDCPP/rlog-1.4/config/missing --run makeinfo'
NMEDIT='nmedit'
OBJEXT='o'
PACKAGE='rlog'
PACKAGE_BUGREPORT=''
PACKAGE_NAME=''
PACKAGE_STRING=''
PACKAGE_TARNAME=''
PACKAGE_VERSION=''
PATH_SEPARATOR=':'
PDFLATEX='no'
PREC99_VARIADAC_MACROS='1'
PTHREAD_CC='gcc'
PTHREAD_CFLAGS='-D_THREAD_SAFE '
PTHREAD_LIBS=''
RANLIB='ranlib'
SED='/usr/bin/sed'
SET_MAKE=''
SHELL='/bin/sh'
STRIP='strip'
USE_VALGRIND='0'
VERSION='1.4'
ac_ct_CC='gcc'
ac_ct_CXX='g++'
ac_ct_F77=''
acx_pthread_config=''
am__fastdepCC_FALSE='#'
am__fastdepCC_TRUE=''
am__fastdepCXX_FALSE='#'
am__fastdepCXX_TRUE=''
am__include='include'
am__isrc=''
am__leading_dot='.'
am__quote=''
am__tar='${AMTAR} chof - "$$tardir"'
am__untar='${AMTAR} xf -'
bindir='${exec_prefix}/bin'
build='i386-apple-darwin19.6.0'
build_alias=''
build_cpu='i386'
build_os='darwin19.6.0'
build_vendor='apple'
datadir='${datarootdir}'
datarootdir='${prefix}/share'
docdir='${datarootdir}/doc/${PACKAGE}'
dvidir='${docdir}'
exec_prefix='${prefix}'
host='i386-apple-darwin19.6.0'
host_alias=''
host_cpu='i386'
host_os='darwin19.6.0'
host_vendor='apple'
htmldir='${docdir}'
includedir='${prefix}/include'
infodir='${datarootdir}/info'
install_sh='$(SHELL) /Users/e823551/Documents/TDDCPP/rlog-1.4/config/install-sh'
libdir='${exec_prefix}/lib'
libexecdir='${exec_prefix}/libexec'
localedir='${datarootdir}/locale'
localstatedir='${prefix}/var'
mandir='${datarootdir}/man'
mkdir_p='$(top_builddir)/config/install-sh -c -d'
oldincludedir='/usr/include'
pdfdir='${docdir}'
prefix='/usr/local'
program_transform_name='s,x,x,'
psdir='${docdir}'
sbindir='${exec_prefix}/sbin'
sharedstatedir='${prefix}/com'
sysconfdir='${prefix}/etc'
target='i386-apple-darwin19.6.0'
target_alias=''
target_cpu='i386'
target_os='darwin19.6.0'
target_vendor='apple'

## ----------- ##
## confdefs.h. ##
## ----------- ##

#define PACKAGE_NAME ""
#define PACKAGE_TARNAME ""
#define PACKAGE_VERSION ""
#define PACKAGE_STRING ""
#define PACKAGE_BUGREPORT ""
#define PACKAGE "rlog"
#define VERSION "1.4"
#define STDC_HEADERS 1
#define HAVE_SYS_TYPES_H 1
#define HAVE_SYS_STAT_H 1
#define HAVE_STDLIB_H 1
#define HAVE_STRING_H 1
#define HAVE_MEMORY_H 1
#define HAVE_STRINGS_H 1
#define HAVE_INTTYPES_H 1
#define HAVE_STDINT_H 1
#define HAVE_UNISTD_H 1
#define HAVE_DLFCN_H 1
#define HAVE_PTHREAD 1
#define USE_RDTSC 0
#define HAVE_LOCALTIME_R 1
#define HAVE_SSTREAM 1

configure: exit 0
