...found 11 targets...
...updating 10 targets...
clang-darwin.compile.c++ bin.v2/libs/config/checks/architecture/clang-darwin-12.0/debug/threading-multi/visibility-hidden/32.o
libs/config/checks/architecture/32.cpp:9:10: error: 'test' declared as an array with a negative size
int test[sizeof(void*) == 4? 1 : -1];
         ^~~~~~~~~~~~~~~~~~~~~~~~~~
1 error generated.

    "clang++" -x c++ -fvisibility-inlines-hidden -fPIC -O0 -fno-inline -Wall -g -fvisibility=hidden  -DBOOST_ALL_NO_LIB=1 -I"."  -c -o "bin.v2/libs/config/checks/architecture/clang-darwin-12.0/debug/threading-multi/visibility-hidden/32.o" "libs/config/checks/architecture/32.cpp"

...failed clang-darwin.compile.c++ bin.v2/libs/config/checks/architecture/clang-darwin-12.0/debug/threading-multi/visibility-hidden/32.o...
...failed updating 1 target...
...updated 9 targets...
...found 2 targets...
...updating 1 target...
clang-darwin.compile.c++ bin.v2/libs/config/checks/architecture/clang-darwin-12.0/debug/threading-multi/visibility-hidden/64.o
...updated 1 target...
...found 2 targets...
...updating 1 target...
clang-darwin.compile.c++ bin.v2/libs/config/checks/architecture/clang-darwin-12.0/debug/threading-multi/visibility-hidden/arm.o
libs/config/checks/architecture/arm.cpp:13:2: error: "Not ARM"
#error "Not ARM"
 ^
1 error generated.

    "clang++" -x c++ -fvisibility-inlines-hidden -fPIC -O0 -fno-inline -Wall -g -fvisibility=hidden  -DBOOST_ALL_NO_LIB=1 -I"."  -c -o "bin.v2/libs/config/checks/architecture/clang-darwin-12.0/debug/threading-multi/visibility-hidden/arm.o" "libs/config/checks/architecture/arm.cpp"

...failed clang-darwin.compile.c++ bin.v2/libs/config/checks/architecture/clang-darwin-12.0/debug/threading-multi/visibility-hidden/arm.o...
...failed updating 1 target...
...found 2 targets...
...updating 1 target...
clang-darwin.compile.c++ bin.v2/libs/config/checks/architecture/clang-darwin-12.0/debug/threading-multi/visibility-hidden/mips1.o
libs/config/checks/architecture/mips1.cpp:10:2: error: "Not MIPS1"
#error "Not MIPS1"
 ^
1 error generated.

    "clang++" -x c++ -fvisibility-inlines-hidden -fPIC -O0 -fno-inline -Wall -g -fvisibility=hidden  -DBOOST_ALL_NO_LIB=1 -I"."  -c -o "bin.v2/libs/config/checks/architecture/clang-darwin-12.0/debug/threading-multi/visibility-hidden/mips1.o" "libs/config/checks/architecture/mips1.cpp"

...failed clang-darwin.compile.c++ bin.v2/libs/config/checks/architecture/clang-darwin-12.0/debug/threading-multi/visibility-hidden/mips1.o...
...failed updating 1 target...
...found 2 targets...
...updating 1 target...
clang-darwin.compile.c++ bin.v2/libs/config/checks/architecture/clang-darwin-12.0/debug/threading-multi/visibility-hidden/power.o
libs/config/checks/architecture/power.cpp:13:2: error: "Not PPC"
#error "Not PPC"
 ^
1 error generated.

    "clang++" -x c++ -fvisibility-inlines-hidden -fPIC -O0 -fno-inline -Wall -g -fvisibility=hidden  -DBOOST_ALL_NO_LIB=1 -I"."  -c -o "bin.v2/libs/config/checks/architecture/clang-darwin-12.0/debug/threading-multi/visibility-hidden/power.o" "libs/config/checks/architecture/power.cpp"

...failed clang-darwin.compile.c++ bin.v2/libs/config/checks/architecture/clang-darwin-12.0/debug/threading-multi/visibility-hidden/power.o...
...failed updating 1 target...
...found 2 targets...
...updating 1 target...
clang-darwin.compile.c++ bin.v2/libs/config/checks/architecture/clang-darwin-12.0/debug/threading-multi/visibility-hidden/riscv.o
libs/config/checks/architecture/riscv.cpp:9:2: error: "Not RISC-V"
#error "Not RISC-V"
 ^
1 error generated.

    "clang++" -x c++ -fvisibility-inlines-hidden -fPIC -O0 -fno-inline -Wall -g -fvisibility=hidden  -DBOOST_ALL_NO_LIB=1 -I"."  -c -o "bin.v2/libs/config/checks/architecture/clang-darwin-12.0/debug/threading-multi/visibility-hidden/riscv.o" "libs/config/checks/architecture/riscv.cpp"

...failed clang-darwin.compile.c++ bin.v2/libs/config/checks/architecture/clang-darwin-12.0/debug/threading-multi/visibility-hidden/riscv.o...
...failed updating 1 target...
...found 2 targets...
...updating 1 target...
clang-darwin.compile.c++ bin.v2/libs/config/checks/architecture/clang-darwin-12.0/debug/threading-multi/visibility-hidden/s390x.o
libs/config/checks/architecture/s390x.cpp:10:2: error: "Not S390x"
#error "Not S390x"
 ^
1 error generated.

    "clang++" -x c++ -fvisibility-inlines-hidden -fPIC -O0 -fno-inline -Wall -g -fvisibility=hidden  -DBOOST_ALL_NO_LIB=1 -I"."  -c -o "bin.v2/libs/config/checks/architecture/clang-darwin-12.0/debug/threading-multi/visibility-hidden/s390x.o" "libs/config/checks/architecture/s390x.cpp"

...failed clang-darwin.compile.c++ bin.v2/libs/config/checks/architecture/clang-darwin-12.0/debug/threading-multi/visibility-hidden/s390x.o...
...failed updating 1 target...
...found 2 targets...
...updating 1 target...
clang-darwin.compile.c++ bin.v2/libs/config/checks/architecture/clang-darwin-12.0/debug/threading-multi/visibility-hidden/sparc.o
libs/config/checks/architecture/sparc.cpp:10:2: error: "Not SPARC"
#error "Not SPARC"
 ^
1 error generated.

    "clang++" -x c++ -fvisibility-inlines-hidden -fPIC -O0 -fno-inline -Wall -g -fvisibility=hidden  -DBOOST_ALL_NO_LIB=1 -I"."  -c -o "bin.v2/libs/config/checks/architecture/clang-darwin-12.0/debug/threading-multi/visibility-hidden/sparc.o" "libs/config/checks/architecture/sparc.cpp"

...failed clang-darwin.compile.c++ bin.v2/libs/config/checks/architecture/clang-darwin-12.0/debug/threading-multi/visibility-hidden/sparc.o...
...failed updating 1 target...
...found 2 targets...
...updating 1 target...
clang-darwin.compile.c++ bin.v2/libs/config/checks/architecture/clang-darwin-12.0/debug/threading-multi/visibility-hidden/x86.o
...updated 1 target...
...found 9 targets...
...updating 7 targets...
clang-darwin.compile.c++ bin.v2/libs/atomic/config/clang-darwin-12.0/release/threading-multi/visibility-hidden/has_sse2.o
...updated 7 targets...
...found 3 targets...
...updating 1 target...
clang-darwin.compile.c++ bin.v2/libs/atomic/config/clang-darwin-12.0/release/threading-multi/visibility-hidden/has_sse41.o
...updated 1 target...
...found 108 targets...
...updating 7 targets...
clang-darwin.compile.c++ bin.v2/libs/context/build/clang-darwin-12.0/release/threading-multi/visibility-hidden/cxx11_hdr_mutex_check.o
libs/context/src/../build/cxx11_hdr_mutex.cpp:9:2: error: "C++11 <mutex> is not available."
#error "C++11 <mutex> is not available."
 ^
1 error generated.

    "clang++" -x c++ -fvisibility-inlines-hidden -fPIC -m64 -O3 -Wall -fvisibility=hidden -Wno-inline  -DBOOST_ALL_NO_LIB=1 -DBOOST_CONTEXT_DYN_LINK=1 -DBOOST_CONTEXT_SOURCE -DNDEBUG -I"."  -c -o "bin.v2/libs/context/build/clang-darwin-12.0/release/threading-multi/visibility-hidden/cxx11_hdr_mutex_check.o" "libs/context/src/../build/cxx11_hdr_mutex.cpp"

...failed clang-darwin.compile.c++ bin.v2/libs/context/build/clang-darwin-12.0/release/threading-multi/visibility-hidden/cxx11_hdr_mutex_check.o...
...failed updating 1 target...
...updated 6 targets...
...patience...
...found 191 targets...
...updating 8 targets...
clang-darwin.compile.c++ bin.v2/libs/thread/build/clang-darwin-12.0/release/threading-multi/visibility-hidden/has_atomic_flag_lockfree_test.o
clang-darwin.link bin.v2/libs/thread/build/clang-darwin-12.0/release/threading-multi/visibility-hidden/has_atomic_flag_lockfree
...updated 8 targets...
...found 142 targets...
...updating 7 targets...
clang-darwin.compile.c++ bin.v2/libs/filesystem/config/clang-darwin-12.0/release/threading-multi/visibility-hidden/has_stat_st_mtim.o
libs/filesystem/config/has_stat_st_mtim.cpp:17:8: error: no member named 'st_mtim' in 'stat'
    st.st_mtim.tv_nsec = 10;
    ~~ ^
1 error generated.

    "clang++" -x c++ -fvisibility-inlines-hidden -fPIC -m64 -O3 -Wall -fvisibility=hidden -Wno-inline  -DBOOST_ALL_NO_LIB=1 -DNDEBUG -I"." -I"libs/filesystem/src"  -c -o "bin.v2/libs/filesystem/config/clang-darwin-12.0/release/threading-multi/visibility-hidden/has_stat_st_mtim.o" "libs/filesystem/config/has_stat_st_mtim.cpp"

...failed clang-darwin.compile.c++ bin.v2/libs/filesystem/config/clang-darwin-12.0/release/threading-multi/visibility-hidden/has_stat_st_mtim.o...
...failed updating 1 target...
...updated 6 targets...
...found 2 targets...
...updating 1 target...
clang-darwin.compile.c++ bin.v2/libs/filesystem/config/clang-darwin-12.0/release/threading-multi/visibility-hidden/has_stat_st_mtimensec.o
libs/filesystem/config/has_stat_st_mtimensec.cpp:17:8: error: no member named 'st_mtimensec' in 'stat'
    st.st_mtimensec = 10;
    ~~ ^
1 error generated.

    "clang++" -x c++ -fvisibility-inlines-hidden -fPIC -m64 -O3 -Wall -fvisibility=hidden -Wno-inline  -DBOOST_ALL_NO_LIB=1 -DNDEBUG -I"." -I"libs/filesystem/src"  -c -o "bin.v2/libs/filesystem/config/clang-darwin-12.0/release/threading-multi/visibility-hidden/has_stat_st_mtimensec.o" "libs/filesystem/config/has_stat_st_mtimensec.cpp"

...failed clang-darwin.compile.c++ bin.v2/libs/filesystem/config/clang-darwin-12.0/release/threading-multi/visibility-hidden/has_stat_st_mtimensec.o...
...failed updating 1 target...
...found 2 targets...
...updating 1 target...
clang-darwin.compile.c++ bin.v2/libs/filesystem/config/clang-darwin-12.0/release/threading-multi/visibility-hidden/has_stat_st_mtimespec.o
...updated 1 target...
...found 2 targets...
...updating 1 target...
clang-darwin.compile.c++ bin.v2/libs/filesystem/config/clang-darwin-12.0/release/threading-multi/visibility-hidden/has_stat_st_birthtim.o
libs/filesystem/config/has_stat_st_birthtim.cpp:17:8: error: no member named 'st_birthtim' in 'stat'
    st.st_birthtim.tv_sec = 1;
    ~~ ^
libs/filesystem/config/has_stat_st_birthtim.cpp:18:8: error: no member named 'st_birthtim' in 'stat'
    st.st_birthtim.tv_nsec = 10;
    ~~ ^
2 errors generated.

    "clang++" -x c++ -fvisibility-inlines-hidden -fPIC -m64 -O3 -Wall -fvisibility=hidden -Wno-inline  -DBOOST_ALL_NO_LIB=1 -DNDEBUG -I"." -I"libs/filesystem/src"  -c -o "bin.v2/libs/filesystem/config/clang-darwin-12.0/release/threading-multi/visibility-hidden/has_stat_st_birthtim.o" "libs/filesystem/config/has_stat_st_birthtim.cpp"

...failed clang-darwin.compile.c++ bin.v2/libs/filesystem/config/clang-darwin-12.0/release/threading-multi/visibility-hidden/has_stat_st_birthtim.o...
...failed updating 1 target...
...found 2 targets...
...updating 1 target...
clang-darwin.compile.c++ bin.v2/libs/filesystem/config/clang-darwin-12.0/release/threading-multi/visibility-hidden/has_stat_st_birthtimensec.o
libs/filesystem/config/has_stat_st_birthtimensec.cpp:18:8: error: no member named 'st_birthtimensec' in 'stat'
    st.st_birthtimensec = 10;
    ~~ ^
1 error generated.

    "clang++" -x c++ -fvisibility-inlines-hidden -fPIC -m64 -O3 -Wall -fvisibility=hidden -Wno-inline  -DBOOST_ALL_NO_LIB=1 -DNDEBUG -I"." -I"libs/filesystem/src"  -c -o "bin.v2/libs/filesystem/config/clang-darwin-12.0/release/threading-multi/visibility-hidden/has_stat_st_birthtimensec.o" "libs/filesystem/config/has_stat_st_birthtimensec.cpp"

...failed clang-darwin.compile.c++ bin.v2/libs/filesystem/config/clang-darwin-12.0/release/threading-multi/visibility-hidden/has_stat_st_birthtimensec.o...
...failed updating 1 target...
...found 2 targets...
...updating 1 target...
clang-darwin.compile.c++ bin.v2/libs/filesystem/config/clang-darwin-12.0/release/threading-multi/visibility-hidden/has_stat_st_birthtimespec.o
...updated 1 target...
...found 3 targets...
...updating 1 target...
clang-darwin.compile.c++ bin.v2/libs/filesystem/config/clang-darwin-12.0/release/threading-multi/visibility-hidden/has_statx.o
libs/filesystem/config/has_statx.cpp:17:18: error: variable has incomplete type 'struct statx'
    struct statx st;
                 ^
libs/filesystem/config/has_statx.cpp:17:12: note: forward declaration of 'statx'
    struct statx st;
           ^
libs/filesystem/config/has_statx.cpp:18:58: error: use of undeclared identifier 'AT_NO_AUTOMOUNT'
    int res = statx(AT_FDCWD, ".", AT_SYMLINK_NOFOLLOW | AT_NO_AUTOMOUNT, STATX_BTIME, &st);
                                                         ^
libs/filesystem/config/has_statx.cpp:18:75: error: use of undeclared identifier 'STATX_BTIME'
    int res = statx(AT_FDCWD, ".", AT_SYMLINK_NOFOLLOW | AT_NO_AUTOMOUNT, STATX_BTIME, &st);
                                                                          ^
3 errors generated.

    "clang++" -x c++ -fvisibility-inlines-hidden -fPIC -m64 -O3 -Wall -fvisibility=hidden -Wno-inline  -DBOOST_ALL_NO_LIB=1 -DNDEBUG -I"." -I"libs/filesystem/src"  -c -o "bin.v2/libs/filesystem/config/clang-darwin-12.0/release/threading-multi/visibility-hidden/has_statx.o" "libs/filesystem/config/has_statx.cpp"

...failed clang-darwin.compile.c++ bin.v2/libs/filesystem/config/clang-darwin-12.0/release/threading-multi/visibility-hidden/has_statx.o...
...failed updating 1 target...
...found 4 targets...
...updating 1 target...
clang-darwin.compile.c++ bin.v2/libs/filesystem/config/clang-darwin-12.0/release/threading-multi/visibility-hidden/has_statx_syscall.o
libs/filesystem/config/has_statx_syscall.cpp:11:10: fatal error: 'linux/stat.h' file not found
#include <linux/stat.h>
         ^~~~~~~~~~~~~~
1 error generated.

    "clang++" -x c++ -fvisibility-inlines-hidden -fPIC -m64 -O3 -Wall -fvisibility=hidden -Wno-inline  -DBOOST_ALL_NO_LIB=1 -DNDEBUG -I"." -I"libs/filesystem/src"  -c -o "bin.v2/libs/filesystem/config/clang-darwin-12.0/release/threading-multi/visibility-hidden/has_statx_syscall.o" "libs/filesystem/config/has_statx_syscall.cpp"

...failed clang-darwin.compile.c++ bin.v2/libs/filesystem/config/clang-darwin-12.0/release/threading-multi/visibility-hidden/has_statx_syscall.o...
...failed updating 1 target...
...found 6 targets...
...updating 5 targets...
clang-darwin.compile.c++ bin.v2/libs/config/checks/clang-darwin-12.0/release/threading-multi/visibility-hidden/cxx11_auto_declarations.o
libs/config/checks/test_case.cpp:216:7: error: "Defect macro BOOST_NO_CXX11_AUTO_DECLARATIONS is defined."
#     error "Defect macro BOOST_NO_CXX11_AUTO_DECLARATIONS is defined."
      ^
1 error generated.

    "clang++" -x c++ -fvisibility-inlines-hidden -fPIC -m64 -O3 -Wall -fvisibility=hidden -Wno-inline  -DBOOST_ALL_NO_LIB=1 -DNDEBUG -DTEST_BOOST_NO_CXX11_AUTO_DECLARATIONS -I"."  -c -o "bin.v2/libs/config/checks/clang-darwin-12.0/release/threading-multi/visibility-hidden/cxx11_auto_declarations.o" "libs/config/checks/test_case.cpp"

...failed clang-darwin.compile.c++ bin.v2/libs/config/checks/clang-darwin-12.0/release/threading-multi/visibility-hidden/cxx11_auto_declarations.o...
...failed updating 1 target...
...updated 4 targets...
...found 1 target...
...updating 1 target...
clang-darwin.compile.c++ bin.v2/libs/config/checks/clang-darwin-12.0/release/threading-multi/visibility-hidden/cxx11_constexpr.o
libs/config/checks/test_case.cpp:251:7: error: "Defect macro BOOST_NO_CXX11_CONSTEXPR is defined."
#     error "Defect macro BOOST_NO_CXX11_CONSTEXPR is defined."
      ^
1 error generated.

    "clang++" -x c++ -fvisibility-inlines-hidden -fPIC -m64 -O3 -Wall -fvisibility=hidden -Wno-inline  -DBOOST_ALL_NO_LIB=1 -DNDEBUG -DTEST_BOOST_NO_CXX11_CONSTEXPR -I"."  -c -o "bin.v2/libs/config/checks/clang-darwin-12.0/release/threading-multi/visibility-hidden/cxx11_constexpr.o" "libs/config/checks/test_case.cpp"

...failed clang-darwin.compile.c++ bin.v2/libs/config/checks/clang-darwin-12.0/release/threading-multi/visibility-hidden/cxx11_constexpr.o...
...failed updating 1 target...
...found 1 target...
...updating 1 target...
clang-darwin.compile.c++ bin.v2/libs/config/checks/clang-darwin-12.0/release/threading-multi/visibility-hidden/cxx11_defaulted_functions.o
libs/config/checks/test_case.cpp:661:7: error: "Defect macro BOOST_NO_CXX11_DEFAULTED_FUNCTIONS is defined."
#     error "Defect macro BOOST_NO_CXX11_DEFAULTED_FUNCTIONS is defined."
      ^
1 error generated.

    "clang++" -x c++ -fvisibility-inlines-hidden -fPIC -m64 -O3 -Wall -fvisibility=hidden -Wno-inline  -DBOOST_ALL_NO_LIB=1 -DNDEBUG -DTEST_BOOST_NO_CXX11_DEFAULTED_FUNCTIONS -I"."  -c -o "bin.v2/libs/config/checks/clang-darwin-12.0/release/threading-multi/visibility-hidden/cxx11_defaulted_functions.o" "libs/config/checks/test_case.cpp"

...failed clang-darwin.compile.c++ bin.v2/libs/config/checks/clang-darwin-12.0/release/threading-multi/visibility-hidden/cxx11_defaulted_functions.o...
...failed updating 1 target...
...found 1 target...
...updating 1 target...
clang-darwin.compile.c++ bin.v2/libs/config/checks/clang-darwin-12.0/release/threading-multi/visibility-hidden/cxx11_final.o
libs/config/checks/test_case.cpp:321:7: error: "Defect macro BOOST_NO_CXX11_FINAL is defined."
#     error "Defect macro BOOST_NO_CXX11_FINAL is defined."
      ^
1 error generated.

    "clang++" -x c++ -fvisibility-inlines-hidden -fPIC -m64 -O3 -Wall -fvisibility=hidden -Wno-inline  -DBOOST_ALL_NO_LIB=1 -DNDEBUG -DTEST_BOOST_NO_CXX11_FINAL -I"."  -c -o "bin.v2/libs/config/checks/clang-darwin-12.0/release/threading-multi/visibility-hidden/cxx11_final.o" "libs/config/checks/test_case.cpp"

...failed clang-darwin.compile.c++ bin.v2/libs/config/checks/clang-darwin-12.0/release/threading-multi/visibility-hidden/cxx11_final.o...
...failed updating 1 target...
...found 1 target...
...updating 1 target...
clang-darwin.compile.c++ bin.v2/libs/config/checks/clang-darwin-12.0/release/threading-multi/visibility-hidden/cxx11_hdr_mutex.o
libs/config/checks/test_case.cpp:366:7: error: "Defect macro BOOST_NO_CXX11_HDR_MUTEX is defined."
#     error "Defect macro BOOST_NO_CXX11_HDR_MUTEX is defined."
      ^
1 error generated.

    "clang++" -x c++ -fvisibility-inlines-hidden -fPIC -m64 -O3 -Wall -fvisibility=hidden -Wno-inline  -DBOOST_ALL_NO_LIB=1 -DNDEBUG -DTEST_BOOST_NO_CXX11_HDR_MUTEX -I"."  -c -o "bin.v2/libs/config/checks/clang-darwin-12.0/release/threading-multi/visibility-hidden/cxx11_hdr_mutex.o" "libs/config/checks/test_case.cpp"

...failed clang-darwin.compile.c++ bin.v2/libs/config/checks/clang-darwin-12.0/release/threading-multi/visibility-hidden/cxx11_hdr_mutex.o...
...failed updating 1 target...
...found 1 target...
...updating 1 target...
clang-darwin.compile.c++ bin.v2/libs/config/checks/clang-darwin-12.0/release/threading-multi/visibility-hidden/cxx11_hdr_tuple.o
libs/config/checks/test_case.cpp:396:7: error: "Defect macro BOOST_NO_CXX11_HDR_TUPLE is defined."
#     error "Defect macro BOOST_NO_CXX11_HDR_TUPLE is defined."
      ^
1 error generated.

    "clang++" -x c++ -fvisibility-inlines-hidden -fPIC -m64 -O3 -Wall -fvisibility=hidden -Wno-inline  -DBOOST_ALL_NO_LIB=1 -DNDEBUG -DTEST_BOOST_NO_CXX11_HDR_TUPLE -I"."  -c -o "bin.v2/libs/config/checks/clang-darwin-12.0/release/threading-multi/visibility-hidden/cxx11_hdr_tuple.o" "libs/config/checks/test_case.cpp"

...failed clang-darwin.compile.c++ bin.v2/libs/config/checks/clang-darwin-12.0/release/threading-multi/visibility-hidden/cxx11_hdr_tuple.o...
...failed updating 1 target...
...found 1 target...
...updating 1 target...
clang-darwin.compile.c++ bin.v2/libs/config/checks/clang-darwin-12.0/release/threading-multi/visibility-hidden/cxx11_lambdas.o
libs/config/checks/test_case.cpp:766:7: error: "Defect macro BOOST_NO_CXX11_LAMBDAS is defined."
#     error "Defect macro BOOST_NO_CXX11_LAMBDAS is defined."
      ^
1 error generated.

    "clang++" -x c++ -fvisibility-inlines-hidden -fPIC -m64 -O3 -Wall -fvisibility=hidden -Wno-inline  -DBOOST_ALL_NO_LIB=1 -DNDEBUG -DTEST_BOOST_NO_CXX11_LAMBDAS -I"."  -c -o "bin.v2/libs/config/checks/clang-darwin-12.0/release/threading-multi/visibility-hidden/cxx11_lambdas.o" "libs/config/checks/test_case.cpp"

...failed clang-darwin.compile.c++ bin.v2/libs/config/checks/clang-darwin-12.0/release/threading-multi/visibility-hidden/cxx11_lambdas.o...
...failed updating 1 target...
...found 1 target...
...updating 1 target...
clang-darwin.compile.c++ bin.v2/libs/config/checks/clang-darwin-12.0/release/threading-multi/visibility-hidden/cxx11_noexcept.o
libs/config/checks/test_case.cpp:821:7: error: "Defect macro BOOST_NO_CXX11_NOEXCEPT is defined."
#     error "Defect macro BOOST_NO_CXX11_NOEXCEPT is defined."
      ^
1 error generated.

    "clang++" -x c++ -fvisibility-inlines-hidden -fPIC -m64 -O3 -Wall -fvisibility=hidden -Wno-inline  -DBOOST_ALL_NO_LIB=1 -DNDEBUG -DTEST_BOOST_NO_CXX11_NOEXCEPT -I"."  -c -o "bin.v2/libs/config/checks/clang-darwin-12.0/release/threading-multi/visibility-hidden/cxx11_noexcept.o" "libs/config/checks/test_case.cpp"

...failed clang-darwin.compile.c++ bin.v2/libs/config/checks/clang-darwin-12.0/release/threading-multi/visibility-hidden/cxx11_noexcept.o...
...failed updating 1 target...
...found 1 target...
...updating 1 target...
clang-darwin.compile.c++ bin.v2/libs/config/checks/clang-darwin-12.0/release/threading-multi/visibility-hidden/cxx11_nullptr.o
libs/config/checks/test_case.cpp:826:7: error: "Defect macro BOOST_NO_CXX11_NULLPTR is defined."
#     error "Defect macro BOOST_NO_CXX11_NULLPTR is defined."
      ^
1 error generated.

    "clang++" -x c++ -fvisibility-inlines-hidden -fPIC -m64 -O3 -Wall -fvisibility=hidden -Wno-inline  -DBOOST_ALL_NO_LIB=1 -DNDEBUG -DTEST_BOOST_NO_CXX11_NULLPTR -I"."  -c -o "bin.v2/libs/config/checks/clang-darwin-12.0/release/threading-multi/visibility-hidden/cxx11_nullptr.o" "libs/config/checks/test_case.cpp"

...failed clang-darwin.compile.c++ bin.v2/libs/config/checks/clang-darwin-12.0/release/threading-multi/visibility-hidden/cxx11_nullptr.o...
...failed updating 1 target...
...found 1 target...
...updating 1 target...
clang-darwin.compile.c++ bin.v2/libs/config/checks/clang-darwin-12.0/release/threading-multi/visibility-hidden/cxx11_rvalue_references.o
libs/config/checks/test_case.cpp:881:7: error: "Defect macro BOOST_NO_CXX11_RVALUE_REFERENCES is defined."
#     error "Defect macro BOOST_NO_CXX11_RVALUE_REFERENCES is defined."
      ^
1 error generated.

    "clang++" -x c++ -fvisibility-inlines-hidden -fPIC -m64 -O3 -Wall -fvisibility=hidden -Wno-inline  -DBOOST_ALL_NO_LIB=1 -DNDEBUG -DTEST_BOOST_NO_CXX11_RVALUE_REFERENCES -I"."  -c -o "bin.v2/libs/config/checks/clang-darwin-12.0/release/threading-multi/visibility-hidden/cxx11_rvalue_references.o" "libs/config/checks/test_case.cpp"

...failed clang-darwin.compile.c++ bin.v2/libs/config/checks/clang-darwin-12.0/release/threading-multi/visibility-hidden/cxx11_rvalue_references.o...
...failed updating 1 target...
...found 1 target...
...updating 1 target...
clang-darwin.compile.c++ bin.v2/libs/config/checks/clang-darwin-12.0/release/threading-multi/visibility-hidden/cxx11_template_aliases.o
libs/config/checks/test_case.cpp:986:7: error: "Defect macro BOOST_NO_CXX11_TEMPLATE_ALIASES is defined."
#     error "Defect macro BOOST_NO_CXX11_TEMPLATE_ALIASES is defined."
      ^
1 error generated.

    "clang++" -x c++ -fvisibility-inlines-hidden -fPIC -m64 -O3 -Wall -fvisibility=hidden -Wno-inline  -DBOOST_ALL_NO_LIB=1 -DNDEBUG -DTEST_BOOST_NO_CXX11_TEMPLATE_ALIASES -I"."  -c -o "bin.v2/libs/config/checks/clang-darwin-12.0/release/threading-multi/visibility-hidden/cxx11_template_aliases.o" "libs/config/checks/test_case.cpp"

...failed clang-darwin.compile.c++ bin.v2/libs/config/checks/clang-darwin-12.0/release/threading-multi/visibility-hidden/cxx11_template_aliases.o...
...failed updating 1 target...
...found 1 target...
...updating 1 target...
clang-darwin.compile.c++ bin.v2/libs/config/checks/clang-darwin-12.0/release/threading-multi/visibility-hidden/cxx11_thread_local.o
libs/config/checks/test_case.cpp:466:7: error: "Defect macro BOOST_NO_CXX11_THREAD_LOCAL is defined."
#     error "Defect macro BOOST_NO_CXX11_THREAD_LOCAL is defined."
      ^
1 error generated.

    "clang++" -x c++ -fvisibility-inlines-hidden -fPIC -m64 -O3 -Wall -fvisibility=hidden -Wno-inline  -DBOOST_ALL_NO_LIB=1 -DNDEBUG -DTEST_BOOST_NO_CXX11_THREAD_LOCAL -I"."  -c -o "bin.v2/libs/config/checks/clang-darwin-12.0/release/threading-multi/visibility-hidden/cxx11_thread_local.o" "libs/config/checks/test_case.cpp"

...failed clang-darwin.compile.c++ bin.v2/libs/config/checks/clang-darwin-12.0/release/threading-multi/visibility-hidden/cxx11_thread_local.o...
...failed updating 1 target...
...found 1 target...
...updating 1 target...
clang-darwin.compile.c++ bin.v2/libs/config/checks/clang-darwin-12.0/release/threading-multi/visibility-hidden/cxx11_variadic_templates.o
libs/config/checks/test_case.cpp:1046:7: error: "Defect macro BOOST_NO_CXX11_VARIADIC_TEMPLATES is defined."
#     error "Defect macro BOOST_NO_CXX11_VARIADIC_TEMPLATES is defined."
      ^
1 error generated.

    "clang++" -x c++ -fvisibility-inlines-hidden -fPIC -m64 -O3 -Wall -fvisibility=hidden -Wno-inline  -DBOOST_ALL_NO_LIB=1 -DNDEBUG -DTEST_BOOST_NO_CXX11_VARIADIC_TEMPLATES -I"."  -c -o "bin.v2/libs/config/checks/clang-darwin-12.0/release/threading-multi/visibility-hidden/cxx11_variadic_templates.o" "libs/config/checks/test_case.cpp"

...failed clang-darwin.compile.c++ bin.v2/libs/config/checks/clang-darwin-12.0/release/threading-multi/visibility-hidden/cxx11_variadic_templates.o...
...failed updating 1 target...
...found 24 targets...
...updating 8 targets...
clang-darwin.compile.c++ bin.v2/libs/regex/build/clang-darwin-12.0/release/threading-multi/visibility-hidden/has_icu_test.o
libs/regex/build/has_icu_test.cpp:12:10: fatal error: 'unicode/uversion.h' file not found
#include <unicode/uversion.h>
         ^~~~~~~~~~~~~~~~~~~~
1 error generated.

    "clang++" -x c++ -fvisibility-inlines-hidden -fPIC -m64 -O3 -Wall -fvisibility=hidden -Wno-inline  -DBOOST_ALL_NO_LIB=1 -DBOOST_HAS_ICU=1 -DNDEBUG -I"."  -c -o "bin.v2/libs/regex/build/clang-darwin-12.0/release/threading-multi/visibility-hidden/has_icu_test.o" "libs/regex/build/has_icu_test.cpp"

...failed clang-darwin.compile.c++ bin.v2/libs/regex/build/clang-darwin-12.0/release/threading-multi/visibility-hidden/has_icu_test.o...
...skipped <pbin.v2/libs/regex/build/clang-darwin-12.0/release/threading-multi/visibility-hidden>has_icu for lack of <pbin.v2/libs/regex/build/clang-darwin-12.0/release/threading-multi/visibility-hidden>has_icu_test.o...
...failed updating 1 target...
...skipped 1 target...
...updated 6 targets...
...found 10 targets...
...updating 8 targets...
clang-darwin.compile.c++ bin.v2/standalone/ac/clang-darwin-12.0/release/threading-multi/visibility-hidden/zlib_h.o
...updated 8 targets...
...found 5 targets...
...updating 3 targets...
clang-darwin.compile.c++ bin.v2/standalone/ac/clang-darwin-12.0/release/threading-multi/visibility-hidden/main-z.o
clang-darwin.link bin.v2/standalone/ac/clang-darwin-12.0/release/threading-multi/visibility-hidden/z
...updated 3 targets...
...found 4 targets...
...updating 2 targets...
clang-darwin.compile.c++ bin.v2/standalone/ac/clang-darwin-12.0/release/threading-multi/visibility-hidden/bzlib_h.o
...updated 2 targets...
...found 5 targets...
...updating 3 targets...
clang-darwin.compile.c++ bin.v2/standalone/ac/clang-darwin-12.0/release/threading-multi/visibility-hidden/main-bz2.o
clang-darwin.link bin.v2/standalone/ac/clang-darwin-12.0/release/threading-multi/visibility-hidden/bz2
...updated 3 targets...
...found 4 targets...
...updating 2 targets...
clang-darwin.compile.c++ bin.v2/standalone/ac/clang-darwin-12.0/release/threading-multi/visibility-hidden/lzma_h.o
bin.v2/standalone/ac/lzma_h.cpp:1:10: fatal error: 'lzma.h' file not found
#include <lzma.h>
         ^~~~~~~~
1 error generated.

    "clang++" -x c++ -fvisibility-inlines-hidden -fPIC -m64 -O3 -Wall -fvisibility=hidden -Wno-inline  -DNDEBUG   -c -o "bin.v2/standalone/ac/clang-darwin-12.0/release/threading-multi/visibility-hidden/lzma_h.o" "bin.v2/standalone/ac/lzma_h.cpp"

...failed clang-darwin.compile.c++ bin.v2/standalone/ac/clang-darwin-12.0/release/threading-multi/visibility-hidden/lzma_h.o...
...failed updating 1 target...
...updated 1 target...
...found 5 targets...
...updating 3 targets...
clang-darwin.compile.c++ bin.v2/standalone/ac/clang-darwin-12.0/release/threading-multi/visibility-hidden/main-lzma.o
clang-darwin.link bin.v2/standalone/ac/clang-darwin-12.0/release/threading-multi/visibility-hidden/lzma
...updated 3 targets...
...found 4 targets...
...updating 2 targets...
clang-darwin.compile.c++ bin.v2/standalone/ac/clang-darwin-12.0/release/threading-multi/visibility-hidden/zstd_h.o
bin.v2/standalone/ac/zstd_h.cpp:1:10: fatal error: 'zstd.h' file not found
#include <zstd.h>
         ^~~~~~~~
1 error generated.

    "clang++" -x c++ -fvisibility-inlines-hidden -fPIC -m64 -O3 -Wall -fvisibility=hidden -Wno-inline  -DNDEBUG   -c -o "bin.v2/standalone/ac/clang-darwin-12.0/release/threading-multi/visibility-hidden/zstd_h.o" "bin.v2/standalone/ac/zstd_h.cpp"

...failed clang-darwin.compile.c++ bin.v2/standalone/ac/clang-darwin-12.0/release/threading-multi/visibility-hidden/zstd_h.o...
...failed updating 1 target...
...updated 1 target...
...found 5 targets...
...updating 3 targets...
clang-darwin.compile.c++ bin.v2/standalone/ac/clang-darwin-12.0/release/threading-multi/visibility-hidden/main-zstd.o
clang-darwin.link bin.v2/standalone/ac/clang-darwin-12.0/release/threading-multi/visibility-hidden/zstd
ld: library not found for -lzstd
clang: error: linker command failed with exit code 1 (use -v to see invocation)

    "clang++"   -o "bin.v2/standalone/ac/clang-darwin-12.0/release/threading-multi/visibility-hidden/zstd" "bin.v2/standalone/ac/clang-darwin-12.0/release/threading-multi/visibility-hidden/main-zstd.o"      -lzstd  -fPIC -m64 -fvisibility=hidden -fvisibility-inlines-hidden

...failed clang-darwin.link bin.v2/standalone/ac/clang-darwin-12.0/release/threading-multi/visibility-hidden/zstd...
...failed updating 1 target...
...updated 2 targets...
...found 5 targets...
...updating 3 targets...
clang-darwin.compile.c++ bin.v2/standalone/ac/clang-darwin-12.0/release/threading-multi/visibility-hidden/main-zstd_static.o
clang-darwin.link bin.v2/standalone/ac/clang-darwin-12.0/release/threading-multi/visibility-hidden/zstd_static
ld: library not found for -lzstd_static
clang: error: linker command failed with exit code 1 (use -v to see invocation)

    "clang++"   -o "bin.v2/standalone/ac/clang-darwin-12.0/release/threading-multi/visibility-hidden/zstd_static" "bin.v2/standalone/ac/clang-darwin-12.0/release/threading-multi/visibility-hidden/main-zstd_static.o"      -lzstd_static  -fPIC -m64 -fvisibility=hidden -fvisibility-inlines-hidden

...failed clang-darwin.link bin.v2/standalone/ac/clang-darwin-12.0/release/threading-multi/visibility-hidden/zstd_static...
...failed updating 1 target...
...updated 2 targets...
...found 5 targets...
...updating 3 targets...
clang-darwin.compile.c++ bin.v2/standalone/ac/clang-darwin-12.0/release/threading-multi/visibility-hidden/main-libzstd.o
clang-darwin.link bin.v2/standalone/ac/clang-darwin-12.0/release/threading-multi/visibility-hidden/libzstd
ld: library not found for -llibzstd
clang: error: linker command failed with exit code 1 (use -v to see invocation)

    "clang++"   -o "bin.v2/standalone/ac/clang-darwin-12.0/release/threading-multi/visibility-hidden/libzstd" "bin.v2/standalone/ac/clang-darwin-12.0/release/threading-multi/visibility-hidden/main-libzstd.o"      -llibzstd  -fPIC -m64 -fvisibility=hidden -fvisibility-inlines-hidden

...failed clang-darwin.link bin.v2/standalone/ac/clang-darwin-12.0/release/threading-multi/visibility-hidden/libzstd...
...failed updating 1 target...
...updated 2 targets...
...found 5 targets...
...updating 3 targets...
clang-darwin.compile.c++ bin.v2/standalone/ac/clang-darwin-12.0/release/threading-multi/visibility-hidden/main-libzstd_static.o
clang-darwin.link bin.v2/standalone/ac/clang-darwin-12.0/release/threading-multi/visibility-hidden/libzstd_static
ld: library not found for -llibzstd_static
clang: error: linker command failed with exit code 1 (use -v to see invocation)

    "clang++"   -o "bin.v2/standalone/ac/clang-darwin-12.0/release/threading-multi/visibility-hidden/libzstd_static" "bin.v2/standalone/ac/clang-darwin-12.0/release/threading-multi/visibility-hidden/main-libzstd_static.o"      -llibzstd_static  -fPIC -m64 -fvisibility=hidden -fvisibility-inlines-hidden

...failed clang-darwin.link bin.v2/standalone/ac/clang-darwin-12.0/release/threading-multi/visibility-hidden/libzstd_static...
...failed updating 1 target...
...updated 2 targets...
...found 5 targets...
...updating 5 targets...
clang-darwin.compile.c++ bin.v2/standalone/ac/clang-darwin-12.0/release/link-static/threading-multi/visibility-hidden/main-zstd.o
clang-darwin.link bin.v2/standalone/ac/clang-darwin-12.0/release/link-static/threading-multi/visibility-hidden/zstd
ld: library not found for -lzstd
clang: error: linker command failed with exit code 1 (use -v to see invocation)

    "clang++"   -o "bin.v2/standalone/ac/clang-darwin-12.0/release/link-static/threading-multi/visibility-hidden/zstd" "bin.v2/standalone/ac/clang-darwin-12.0/release/link-static/threading-multi/visibility-hidden/main-zstd.o"    -lzstd    -m64 -fvisibility=hidden -fvisibility-inlines-hidden

...failed clang-darwin.link bin.v2/standalone/ac/clang-darwin-12.0/release/link-static/threading-multi/visibility-hidden/zstd...
...failed updating 1 target...
...updated 4 targets...
...found 2 targets...
...updating 2 targets...
clang-darwin.compile.c++ bin.v2/standalone/ac/clang-darwin-12.0/release/link-static/threading-multi/visibility-hidden/main-zstd_static.o
clang-darwin.link bin.v2/standalone/ac/clang-darwin-12.0/release/link-static/threading-multi/visibility-hidden/zstd_static
ld: library not found for -lzstd_static
clang: error: linker command failed with exit code 1 (use -v to see invocation)

    "clang++"   -o "bin.v2/standalone/ac/clang-darwin-12.0/release/link-static/threading-multi/visibility-hidden/zstd_static" "bin.v2/standalone/ac/clang-darwin-12.0/release/link-static/threading-multi/visibility-hidden/main-zstd_static.o"    -lzstd_static    -m64 -fvisibility=hidden -fvisibility-inlines-hidden

...failed clang-darwin.link bin.v2/standalone/ac/clang-darwin-12.0/release/link-static/threading-multi/visibility-hidden/zstd_static...
...failed updating 1 target...
...updated 1 target...
...found 2 targets...
...updating 2 targets...
clang-darwin.compile.c++ bin.v2/standalone/ac/clang-darwin-12.0/release/link-static/threading-multi/visibility-hidden/main-libzstd.o
clang-darwin.link bin.v2/standalone/ac/clang-darwin-12.0/release/link-static/threading-multi/visibility-hidden/libzstd
ld: library not found for -llibzstd
clang: error: linker command failed with exit code 1 (use -v to see invocation)

    "clang++"   -o "bin.v2/standalone/ac/clang-darwin-12.0/release/link-static/threading-multi/visibility-hidden/libzstd" "bin.v2/standalone/ac/clang-darwin-12.0/release/link-static/threading-multi/visibility-hidden/main-libzstd.o"    -llibzstd    -m64 -fvisibility=hidden -fvisibility-inlines-hidden

...failed clang-darwin.link bin.v2/standalone/ac/clang-darwin-12.0/release/link-static/threading-multi/visibility-hidden/libzstd...
...failed updating 1 target...
...updated 1 target...
...found 2 targets...
...updating 2 targets...
clang-darwin.compile.c++ bin.v2/standalone/ac/clang-darwin-12.0/release/link-static/threading-multi/visibility-hidden/main-libzstd_static.o
clang-darwin.link bin.v2/standalone/ac/clang-darwin-12.0/release/link-static/threading-multi/visibility-hidden/libzstd_static
ld: library not found for -llibzstd_static
clang: error: linker command failed with exit code 1 (use -v to see invocation)

    "clang++"   -o "bin.v2/standalone/ac/clang-darwin-12.0/release/link-static/threading-multi/visibility-hidden/libzstd_static" "bin.v2/standalone/ac/clang-darwin-12.0/release/link-static/threading-multi/visibility-hidden/main-libzstd_static.o"    -llibzstd_static    -m64 -fvisibility=hidden -fvisibility-inlines-hidden

...failed clang-darwin.link bin.v2/standalone/ac/clang-darwin-12.0/release/link-static/threading-multi/visibility-hidden/libzstd_static...
...failed updating 1 target...
...updated 1 target...
...found 10 targets...
...updating 8 targets...
clang-darwin.compile.c++ bin.v2/libs/iostreams/build/clang-darwin-12.0/release/threading-multi/visibility-hidden/has_lzma_cputhreads.o
libs/iostreams/src/../build/has_lzma_cputhreads.cpp:5:10: fatal error: 'lzma.h' file not found
#include <lzma.h>
         ^~~~~~~~
1 error generated.

    "clang++" -x c++ -fvisibility-inlines-hidden -fPIC -m64 -O3 -Wall -fvisibility=hidden -Wno-inline  -DBOOST_ALL_NO_LIB=1 -DNDEBUG -I"."  -c -o "bin.v2/libs/iostreams/build/clang-darwin-12.0/release/threading-multi/visibility-hidden/has_lzma_cputhreads.o" "libs/iostreams/src/../build/has_lzma_cputhreads.cpp"

...failed clang-darwin.compile.c++ bin.v2/libs/iostreams/build/clang-darwin-12.0/release/threading-multi/visibility-hidden/has_lzma_cputhreads.o...
...skipped <pbin.v2/libs/iostreams/build/clang-darwin-12.0/release/threading-multi/visibility-hidden>has_lzma_cputhreads for lack of <pbin.v2/libs/iostreams/build/clang-darwin-12.0/release/threading-multi/visibility-hidden>has_lzma_cputhreads.o...
...failed updating 1 target...
...skipped 1 target...
...updated 6 targets...
...found 1 target...
...updating 1 target...
clang-darwin.compile.c++ bin.v2/libs/config/checks/clang-darwin-12.0/release/threading-multi/visibility-hidden/cxx11_decltype.o
libs/config/checks/test_case.cpp:646:7: error: "Defect macro BOOST_NO_CXX11_DECLTYPE is defined."
#     error "Defect macro BOOST_NO_CXX11_DECLTYPE is defined."
      ^
1 error generated.

    "clang++" -x c++ -fvisibility-inlines-hidden -fPIC -m64 -O3 -Wall -fvisibility=hidden -Wno-inline  -DBOOST_ALL_NO_LIB=1 -DNDEBUG -DTEST_BOOST_NO_CXX11_DECLTYPE -I"."  -c -o "bin.v2/libs/config/checks/clang-darwin-12.0/release/threading-multi/visibility-hidden/cxx11_decltype.o" "libs/config/checks/test_case.cpp"

...failed clang-darwin.compile.c++ bin.v2/libs/config/checks/clang-darwin-12.0/release/threading-multi/visibility-hidden/cxx11_decltype.o...
...failed updating 1 target...
...found 7 targets...
...updating 6 targets...
clang-darwin.compile.c++ bin.v2/libs/json/clang-darwin-12.0/release/threading-multi/visibility-hidden/check_basic_alignas.o
libs/json/check/basic_alignas.cpp:7:1: error: C++ requires a type specifier for all declarations
alignas(16) char test1[10];
^
libs/json/check/basic_alignas.cpp:7:12: error: expected ';' after top level declarator
alignas(16) char test1[10];
           ^
           ;
libs/json/check/basic_alignas.cpp:8:1: error: C++ requires a type specifier for all declarations
alignas(double) char test2[10];
^
libs/json/check/basic_alignas.cpp:8:16: error: expected ';' after top level declarator
alignas(double) char test2[10];
               ^
               ;
libs/json/check/basic_alignas.cpp:9:1: error: unknown type name 'alignas'
alignas(some_struct) char test3[10];
^
libs/json/check/basic_alignas.cpp:9:21: error: expected ';' after top level declarator
alignas(some_struct) char test3[10];
                    ^
                    ;
6 errors generated.

    "clang++" -x c++ -fvisibility-inlines-hidden -fPIC -m64 -O3 -Wall -fvisibility=hidden -Wno-inline  -DBOOST_ALL_NO_LIB=1 -DNDEBUG -I"."  -c -o "bin.v2/libs/json/clang-darwin-12.0/release/threading-multi/visibility-hidden/check_basic_alignas.o" "libs/json/check/basic_alignas.cpp"

...failed clang-darwin.compile.c++ bin.v2/libs/json/clang-darwin-12.0/release/threading-multi/visibility-hidden/check_basic_alignas.o...
...failed updating 1 target...
...updated 5 targets...
...found 10 targets...
...updating 8 targets...
clang-darwin.compile.c++ bin.v2/libs/locale/build/clang-darwin-12.0/release/threading-multi/visibility-hidden/has_iconv_libc_obj.o
clang-darwin.link bin.v2/libs/locale/build/clang-darwin-12.0/release/threading-multi/visibility-hidden/has_iconv
Undefined symbols for architecture x86_64:
  "_iconv_open", referenced from:
      _main in has_iconv_libc_obj.o
ld: symbol(s) not found for architecture x86_64
clang: error: linker command failed with exit code 1 (use -v to see invocation)

    "clang++"   -o "bin.v2/libs/locale/build/clang-darwin-12.0/release/threading-multi/visibility-hidden/has_iconv" "bin.v2/libs/locale/build/clang-darwin-12.0/release/threading-multi/visibility-hidden/has_iconv_libc_obj.o"        -fPIC -m64 -fvisibility=hidden -fvisibility-inlines-hidden

...failed clang-darwin.link bin.v2/libs/locale/build/clang-darwin-12.0/release/threading-multi/visibility-hidden/has_iconv...
...failed updating 1 target...
...updated 7 targets...
...found 2 targets...
...updating 2 targets...
clang-darwin.compile.c++ bin.v2/libs/locale/build/clang-darwin-12.0/release/threading-multi/visibility-hidden/has_iconv_libc_ext.o
clang-darwin.link bin.v2/libs/locale/build/clang-darwin-12.0/release/threading-multi/visibility-hidden/has_external_iconv
...updated 2 targets...
...found 4 targets...
...updating 2 targets...
clang-darwin.compile.c++ bin.v2/libs/locale/build/clang-darwin-12.0/release/threading-multi/visibility-hidden/has_icu_obj.o
libs/locale/src/../build/has_icu_test.cpp:12:10: fatal error: 'unicode/uversion.h' file not found
#include <unicode/uversion.h>
         ^~~~~~~~~~~~~~~~~~~~
1 error generated.

    "clang++" -x c++ -fvisibility-inlines-hidden -fPIC -m64 -O3 -Wall -fvisibility=hidden -Wno-inline  -DBOOST_ALL_NO_LIB=1 -DNDEBUG -I"."  -c -o "bin.v2/libs/locale/build/clang-darwin-12.0/release/threading-multi/visibility-hidden/has_icu_obj.o" "libs/locale/src/../build/has_icu_test.cpp"

...failed clang-darwin.compile.c++ bin.v2/libs/locale/build/clang-darwin-12.0/release/threading-multi/visibility-hidden/has_icu_obj.o...
...skipped <pbin.v2/libs/locale/build/clang-darwin-12.0/release/threading-multi/visibility-hidden>has_icu for lack of <pbin.v2/libs/locale/build/clang-darwin-12.0/release/threading-multi/visibility-hidden>has_icu_obj.o...
...failed updating 1 target...
...skipped 1 target...
...found 2 targets...
...updating 2 targets...
clang-darwin.compile.c++ bin.v2/libs/locale/build/clang-darwin-12.0/release/threading-multi/visibility-hidden/has_icu64_obj.o
libs/locale/src/../build/has_icu_test.cpp:12:10: fatal error: 'unicode/uversion.h' file not found
#include <unicode/uversion.h>
         ^~~~~~~~~~~~~~~~~~~~
1 error generated.

    "clang++" -x c++ -fvisibility-inlines-hidden -fPIC -m64 -O3 -Wall -fvisibility=hidden -Wno-inline  -DBOOST_ALL_NO_LIB=1 -DNDEBUG -I"."  -c -o "bin.v2/libs/locale/build/clang-darwin-12.0/release/threading-multi/visibility-hidden/has_icu64_obj.o" "libs/locale/src/../build/has_icu_test.cpp"

...failed clang-darwin.compile.c++ bin.v2/libs/locale/build/clang-darwin-12.0/release/threading-multi/visibility-hidden/has_icu64_obj.o...
...skipped <pbin.v2/libs/locale/build/clang-darwin-12.0/release/threading-multi/visibility-hidden>has_icu64 for lack of <pbin.v2/libs/locale/build/clang-darwin-12.0/release/threading-multi/visibility-hidden>has_icu64_obj.o...
...failed updating 1 target...
...skipped 1 target...
...found 11 targets...
...updating 9 targets...
clang-darwin.compile.c++ bin.v2/libs/log/config/atomic-int32/clang-darwin-12.0/release/pch-off/threading-multi/visibility-hidden/atomic_int32.o
...updated 9 targets...
...found 9 targets...
...updating 7 targets...
clang-darwin.compile.c++ bin.v2/libs/log/config/native-syslog/clang-darwin-12.0/release/pch-off/threading-multi/visibility-hidden/native_syslog.o
...updated 7 targets...
...found 8 targets...
...updating 7 targets...
clang-darwin.compile.c++ bin.v2/libs/log/config/pthread-mutex-robust/clang-darwin-12.0/release/pch-off/threading-multi/visibility-hidden/pthread_mutex_robust.o
libs/log/config/pthread-mutex-robust/pthread_mutex_robust.cpp:17:40: error: use of undeclared identifier 'PTHREAD_MUTEX_ROBUST'
    pthread_mutexattr_setrobust(&attr, PTHREAD_MUTEX_ROBUST);
                                       ^
libs/log/config/pthread-mutex-robust/pthread_mutex_robust.cpp:26:15: error: use of undeclared identifier 'pthread_mutex_consistent'; did you mean 'pthread_mutex_destroy'?
        err = pthread_mutex_consistent(&m);
              ^~~~~~~~~~~~~~~~~~~~~~~~
              pthread_mutex_destroy
/Library/Developer/CommandLineTools/SDKs/MacOSX.sdk/usr/include/pthread.h:372:5: note: 'pthread_mutex_destroy' declared here
int pthread_mutex_destroy(pthread_mutex_t *);
    ^
2 errors generated.

    "clang++" -x c++ -fvisibility-inlines-hidden -fPIC -m64 -O3 -Wall -fvisibility=hidden -Wno-inline  -DBOOST_ALL_NO_LIB=1 -DNDEBUG -I"."  -c -o "bin.v2/libs/log/config/pthread-mutex-robust/clang-darwin-12.0/release/pch-off/threading-multi/visibility-hidden/pthread_mutex_robust.o" "libs/log/config/pthread-mutex-robust/pthread_mutex_robust.cpp"

...failed clang-darwin.compile.c++ bin.v2/libs/log/config/pthread-mutex-robust/clang-darwin-12.0/release/pch-off/threading-multi/visibility-hidden/pthread_mutex_robust.o...
...failed updating 1 target...
...updated 6 targets...
...found 9 targets...
...updating 7 targets...
clang-darwin.compile.c++ bin.v2/libs/log/config/x86-ext/clang-darwin-12.0/release/pch-off/threading-multi/visibility-hidden/ssse3.o
...updated 7 targets...
...found 3 targets...
...updating 1 target...
clang-darwin.compile.c++ bin.v2/libs/log/config/x86-ext/clang-darwin-12.0/release/pch-off/threading-multi/visibility-hidden/avx2.o
...updated 1 target...
...found 8 targets...
...updating 7 targets...
clang-darwin.compile.c++ bin.v2/libs/math/config/clang-darwin-12.0/release/threading-multi/visibility-hidden/has_gcc_visibility.o
...updated 7 targets...
...found 1 target...
...updating 1 target...
clang-darwin.compile.c++ bin.v2/libs/config/checks/clang-darwin-12.0/release/threading-multi/visibility-hidden/sfinae_expr.o
...updated 1 target...
...found 1 target...
...updating 1 target...
clang-darwin.compile.c++ bin.v2/libs/config/checks/clang-darwin-12.0/release/threading-multi/visibility-hidden/cxx11_unified_initialization_syntax.o
libs/config/checks/test_case.cpp:1021:7: error: "Defect macro BOOST_NO_CXX11_UNIFIED_INITIALIZATION_SYNTAX is defined."
#     error "Defect macro BOOST_NO_CXX11_UNIFIED_INITIALIZATION_SYNTAX is defined."
      ^
1 error generated.

    "clang++" -x c++ -fvisibility-inlines-hidden -fPIC -m64 -O3 -Wall -fvisibility=hidden -Wno-inline  -DBOOST_ALL_NO_LIB=1 -DNDEBUG -DTEST_BOOST_NO_CXX11_UNIFIED_INITIALIZATION_SYNTAX -I"."  -c -o "bin.v2/libs/config/checks/clang-darwin-12.0/release/threading-multi/visibility-hidden/cxx11_unified_initialization_syntax.o" "libs/config/checks/test_case.cpp"

...failed clang-darwin.compile.c++ bin.v2/libs/config/checks/clang-darwin-12.0/release/threading-multi/visibility-hidden/cxx11_unified_initialization_syntax.o...
...failed updating 1 target...
...found 1 target...
...updating 1 target...
clang-darwin.compile.c++ bin.v2/libs/config/checks/clang-darwin-12.0/release/threading-multi/visibility-hidden/cxx11_hdr_initializer_list.o
libs/config/checks/test_case.cpp:361:7: error: "Defect macro BOOST_NO_CXX11_HDR_INITIALIZER_LIST is defined."
#     error "Defect macro BOOST_NO_CXX11_HDR_INITIALIZER_LIST is defined."
      ^
1 error generated.

    "clang++" -x c++ -fvisibility-inlines-hidden -fPIC -m64 -O3 -Wall -fvisibility=hidden -Wno-inline  -DBOOST_ALL_NO_LIB=1 -DNDEBUG -DTEST_BOOST_NO_CXX11_HDR_INITIALIZER_LIST -I"."  -c -o "bin.v2/libs/config/checks/clang-darwin-12.0/release/threading-multi/visibility-hidden/cxx11_hdr_initializer_list.o" "libs/config/checks/test_case.cpp"

...failed clang-darwin.compile.c++ bin.v2/libs/config/checks/clang-darwin-12.0/release/threading-multi/visibility-hidden/cxx11_hdr_initializer_list.o...
...failed updating 1 target...
...found 1 target...
...updating 1 target...
clang-darwin.compile.c++ bin.v2/libs/config/checks/clang-darwin-12.0/release/threading-multi/visibility-hidden/cxx11_hdr_chrono.o
libs/config/checks/test_case.cpp:336:7: error: "Defect macro BOOST_NO_CXX11_HDR_CHRONO is defined."
#     error "Defect macro BOOST_NO_CXX11_HDR_CHRONO is defined."
      ^
1 error generated.

    "clang++" -x c++ -fvisibility-inlines-hidden -fPIC -m64 -O3 -Wall -fvisibility=hidden -Wno-inline  -DBOOST_ALL_NO_LIB=1 -DNDEBUG -DTEST_BOOST_NO_CXX11_HDR_CHRONO -I"."  -c -o "bin.v2/libs/config/checks/clang-darwin-12.0/release/threading-multi/visibility-hidden/cxx11_hdr_chrono.o" "libs/config/checks/test_case.cpp"

...failed clang-darwin.compile.c++ bin.v2/libs/config/checks/clang-darwin-12.0/release/threading-multi/visibility-hidden/cxx11_hdr_chrono.o...
...failed updating 1 target...
...found 1 target...
...updating 1 target...
clang-darwin.compile.c++ bin.v2/libs/config/checks/clang-darwin-12.0/release/threading-multi/visibility-hidden/cxx11_numeric_limits.o
libs/config/checks/test_case.cpp:431:7: error: "Defect macro BOOST_NO_CXX11_NUMERIC_LIMITS is defined."
#     error "Defect macro BOOST_NO_CXX11_NUMERIC_LIMITS is defined."
      ^
1 error generated.

    "clang++" -x c++ -fvisibility-inlines-hidden -fPIC -m64 -O3 -Wall -fvisibility=hidden -Wno-inline  -DBOOST_ALL_NO_LIB=1 -DNDEBUG -DTEST_BOOST_NO_CXX11_NUMERIC_LIMITS -I"."  -c -o "bin.v2/libs/config/checks/clang-darwin-12.0/release/threading-multi/visibility-hidden/cxx11_numeric_limits.o" "libs/config/checks/test_case.cpp"

...failed clang-darwin.compile.c++ bin.v2/libs/config/checks/clang-darwin-12.0/release/threading-multi/visibility-hidden/cxx11_numeric_limits.o...
...failed updating 1 target...
...found 1 target...
...updating 1 target...
clang-darwin.compile.c++ bin.v2/libs/config/checks/clang-darwin-12.0/release/threading-multi/visibility-hidden/cxx11_hdr_array.o
...updated 1 target...
...found 1 target...
...updating 1 target...
clang-darwin.compile.c++ bin.v2/libs/config/checks/clang-darwin-12.0/release/threading-multi/visibility-hidden/cxx11_hdr_atomic.o
libs/config/checks/test_case.cpp:331:7: error: "Defect macro BOOST_NO_CXX11_HDR_ATOMIC is defined."
#     error "Defect macro BOOST_NO_CXX11_HDR_ATOMIC is defined."
      ^
1 error generated.

    "clang++" -x c++ -fvisibility-inlines-hidden -fPIC -m64 -O3 -Wall -fvisibility=hidden -Wno-inline  -DBOOST_ALL_NO_LIB=1 -DNDEBUG -DTEST_BOOST_NO_CXX11_HDR_ATOMIC -I"."  -c -o "bin.v2/libs/config/checks/clang-darwin-12.0/release/threading-multi/visibility-hidden/cxx11_hdr_atomic.o" "libs/config/checks/test_case.cpp"

...failed clang-darwin.compile.c++ bin.v2/libs/config/checks/clang-darwin-12.0/release/threading-multi/visibility-hidden/cxx11_hdr_atomic.o...
...failed updating 1 target...
...found 1 target...
...updating 1 target...
clang-darwin.compile.c++ bin.v2/libs/config/checks/clang-darwin-12.0/release/threading-multi/visibility-hidden/cxx11_hdr_type_traits.o
libs/config/checks/test_case.cpp:401:7: error: "Defect macro BOOST_NO_CXX11_HDR_TYPE_TRAITS is defined."
#     error "Defect macro BOOST_NO_CXX11_HDR_TYPE_TRAITS is defined."
      ^
1 error generated.

    "clang++" -x c++ -fvisibility-inlines-hidden -fPIC -m64 -O3 -Wall -fvisibility=hidden -Wno-inline  -DBOOST_ALL_NO_LIB=1 -DNDEBUG -DTEST_BOOST_NO_CXX11_HDR_TYPE_TRAITS -I"."  -c -o "bin.v2/libs/config/checks/clang-darwin-12.0/release/threading-multi/visibility-hidden/cxx11_hdr_type_traits.o" "libs/config/checks/test_case.cpp"

...failed clang-darwin.compile.c++ bin.v2/libs/config/checks/clang-darwin-12.0/release/threading-multi/visibility-hidden/cxx11_hdr_type_traits.o...
...failed updating 1 target...
...found 1 target...
...updating 1 target...
clang-darwin.compile.c++ bin.v2/libs/config/checks/clang-darwin-12.0/release/threading-multi/visibility-hidden/cxx11_allocator.o
libs/config/checks/test_case.cpp:301:7: error: "Defect macro BOOST_NO_CXX11_ALLOCATOR is defined."
#     error "Defect macro BOOST_NO_CXX11_ALLOCATOR is defined."
      ^
1 error generated.

    "clang++" -x c++ -fvisibility-inlines-hidden -fPIC -m64 -O3 -Wall -fvisibility=hidden -Wno-inline  -DBOOST_ALL_NO_LIB=1 -DNDEBUG -DTEST_BOOST_NO_CXX11_ALLOCATOR -I"."  -c -o "bin.v2/libs/config/checks/clang-darwin-12.0/release/threading-multi/visibility-hidden/cxx11_allocator.o" "libs/config/checks/test_case.cpp"

...failed clang-darwin.compile.c++ bin.v2/libs/config/checks/clang-darwin-12.0/release/threading-multi/visibility-hidden/cxx11_allocator.o...
...failed updating 1 target...
...found 1 target...
...updating 1 target...
clang-darwin.compile.c++ bin.v2/libs/config/checks/clang-darwin-12.0/release/threading-multi/visibility-hidden/cxx11_explicit_conversion_operators.o
libs/config/checks/test_case.cpp:696:7: error: "Defect macro BOOST_NO_CXX11_EXPLICIT_CONVERSION_OPERATORS is defined."
#     error "Defect macro BOOST_NO_CXX11_EXPLICIT_CONVERSION_OPERATORS is defined."
      ^
1 error generated.

    "clang++" -x c++ -fvisibility-inlines-hidden -fPIC -m64 -O3 -Wall -fvisibility=hidden -Wno-inline  -DBOOST_ALL_NO_LIB=1 -DNDEBUG -DTEST_BOOST_NO_CXX11_EXPLICIT_CONVERSION_OPERATORS -I"."  -c -o "bin.v2/libs/config/checks/clang-darwin-12.0/release/threading-multi/visibility-hidden/cxx11_explicit_conversion_operators.o" "libs/config/checks/test_case.cpp"

...failed clang-darwin.compile.c++ bin.v2/libs/config/checks/clang-darwin-12.0/release/threading-multi/visibility-hidden/cxx11_explicit_conversion_operators.o...
...failed updating 1 target...
...found 1 target...
...updating 1 target...
clang-darwin.compile.c++ bin.v2/libs/config/checks/clang-darwin-12.0/release/threading-multi/visibility-hidden/cxx11_static_assert.o
libs/config/checks/test_case.cpp:906:7: error: "Defect macro BOOST_NO_CXX11_STATIC_ASSERT is defined."
#     error "Defect macro BOOST_NO_CXX11_STATIC_ASSERT is defined."
      ^
1 error generated.

    "clang++" -x c++ -fvisibility-inlines-hidden -fPIC -m64 -O3 -Wall -fvisibility=hidden -Wno-inline  -DBOOST_ALL_NO_LIB=1 -DNDEBUG -DTEST_BOOST_NO_CXX11_STATIC_ASSERT -I"."  -c -o "bin.v2/libs/config/checks/clang-darwin-12.0/release/threading-multi/visibility-hidden/cxx11_static_assert.o" "libs/config/checks/test_case.cpp"

...failed clang-darwin.compile.c++ bin.v2/libs/config/checks/clang-darwin-12.0/release/threading-multi/visibility-hidden/cxx11_static_assert.o...
...failed updating 1 target...
...found 9 targets...
...updating 7 targets...
clang-darwin.compile.c++ bin.v2/libs/nowide/config/clang-darwin-12.0/release/threading-multi/visibility-hidden/cxx11_moveable_fstreams.o
In file included from libs/nowide/config/check_movable_fstreams.cpp:8:
In file included from /Applications/Xcode.app/Contents/Developer/Toolchains/XcodeDefault.xctoolchain/usr/bin/../include/c++/v1/fstream:183:
In file included from /Applications/Xcode.app/Contents/Developer/Toolchains/XcodeDefault.xctoolchain/usr/bin/../include/c++/v1/ostream:139:
/Applications/Xcode.app/Contents/Developer/Toolchains/XcodeDefault.xctoolchain/usr/bin/../include/c++/v1/streambuf:492:64: error: 'operator=' is a private member of 'std::__1::ios_base'
_LIBCPP_EXTERN_TEMPLATE(class _LIBCPP_EXTERN_TEMPLATE_TYPE_VIS basic_ios<char>)
                                                               ^
/Applications/Xcode.app/Contents/Developer/Toolchains/XcodeDefault.xctoolchain/usr/bin/../include/c++/v1/istream:1642:64: note: in implicit copy assignment operator for 'std::__1::basic_ios<char>' first required here
_LIBCPP_EXTERN_TEMPLATE(class _LIBCPP_EXTERN_TEMPLATE_TYPE_VIS basic_istream<char>)
                                                               ^
/Applications/Xcode.app/Contents/Developer/Toolchains/XcodeDefault.xctoolchain/usr/bin/../include/c++/v1/istream:1644:64: note: in implicit copy assignment operator for 'std::__1::basic_istream<char>' first required here
_LIBCPP_EXTERN_TEMPLATE(class _LIBCPP_EXTERN_TEMPLATE_TYPE_VIS basic_iostream<char>)
                                                               ^
/Applications/Xcode.app/Contents/Developer/Toolchains/XcodeDefault.xctoolchain/usr/bin/../include/c++/v1/iosfwd:148:32: note: in implicit copy assignment operator for 'std::__1::basic_iostream<char>' first required here
    class _LIBCPP_TEMPLATE_VIS basic_fstream;
                               ^
libs/nowide/config/check_movable_fstreams.cpp:17:8: note: in implicit copy assignment operator for 'std::__1::basic_fstream<char, std::__1::char_traits<char> >' first required here
    s2 = std::move(s1);
       ^
/Applications/Xcode.app/Contents/Developer/Toolchains/XcodeDefault.xctoolchain/usr/bin/../include/c++/v1/ios:313:15: note: declared private here
    ios_base& operator=(const ios_base&); // = delete;
              ^
1 error generated.

    "clang++" -x c++ -fvisibility-inlines-hidden -fPIC -m64 -O3 -Wall -fvisibility=hidden -Wno-inline  -DBOOST_ALL_NO_LIB=1 -DNDEBUG -I"."  -c -o "bin.v2/libs/nowide/config/clang-darwin-12.0/release/threading-multi/visibility-hidden/cxx11_moveable_fstreams.o" "libs/nowide/config/check_movable_fstreams.cpp"

...failed clang-darwin.compile.c++ bin.v2/libs/nowide/config/clang-darwin-12.0/release/threading-multi/visibility-hidden/cxx11_moveable_fstreams.o...
...failed updating 1 target...
...updated 6 targets...
...found 4 targets...
...updating 2 targets...
clang-darwin.compile.c++ bin.v2/libs/nowide/config/clang-darwin-12.0/release/threading-multi/visibility-hidden/check_lfs_support.o
libs/nowide/config/check_lfs_support.cpp:29:11: error: use of undeclared identifier 'nullptr'
    check(nullptr);
          ^
1 error generated.

    "clang++" -x c++ -fvisibility-inlines-hidden -fPIC -m64 -O3 -Wall -fvisibility=hidden -Wno-inline  -DBOOST_ALL_NO_LIB=1 -DNDEBUG -I"."  -c -o "bin.v2/libs/nowide/config/clang-darwin-12.0/release/threading-multi/visibility-hidden/check_lfs_support.o" "libs/nowide/config/check_lfs_support.cpp"

...failed clang-darwin.compile.c++ bin.v2/libs/nowide/config/clang-darwin-12.0/release/threading-multi/visibility-hidden/check_lfs_support.o...
...skipped <pbin.v2/libs/nowide/config/clang-darwin-12.0/release/threading-multi/visibility-hidden>lfs_support for lack of <pbin.v2/libs/nowide/config/clang-darwin-12.0/release/threading-multi/visibility-hidden>check_lfs_support.o...
...failed updating 1 target...
...skipped 1 target...
...found 12 targets...
...updating 9 targets...
clang-darwin.compile.c++ bin.v2/libs/stacktrace/build/clang-darwin-12.0/release/threading-multi/visibility-hidden/has_backtrace.o
libs/stacktrace/build/has_backtrace.cpp:7:10: fatal error: 'backtrace.h' file not found
#include <backtrace.h>
         ^~~~~~~~~~~~~
1 error generated.

    "clang++" -x c++ -fvisibility-inlines-hidden -fPIC -m64 -O3 -Wall -fvisibility=hidden -Wno-inline  -DBOOST_ALL_NO_LIB=1 -DNDEBUG -I"."  -c -o "bin.v2/libs/stacktrace/build/clang-darwin-12.0/release/threading-multi/visibility-hidden/has_backtrace.o" "libs/stacktrace/build/has_backtrace.cpp"

...failed clang-darwin.compile.c++ bin.v2/libs/stacktrace/build/clang-darwin-12.0/release/threading-multi/visibility-hidden/has_backtrace.o...
...skipped <pbin.v2/libs/stacktrace/build/clang-darwin-12.0/release/threading-multi/visibility-hidden>libbacktrace_exe for lack of <pbin.v2/libs/stacktrace/build/clang-darwin-12.0/release/threading-multi/visibility-hidden>has_backtrace.o...
...skipped <pbin.v2/libs/stacktrace/build/clang-darwin-12.0/release/threading-multi/visibility-hidden>libbacktrace.output for lack of <pbin.v2/libs/stacktrace/build/clang-darwin-12.0/release/threading-multi/visibility-hidden>libbacktrace_exe...
...failed updating 1 target...
...skipped 2 targets...
...updated 6 targets...
...found 5 targets...
...updating 3 targets...
clang-darwin.compile.c++ bin.v2/libs/stacktrace/build/clang-darwin-12.0/release/threading-multi/visibility-hidden/has_addr2line.o
clang-darwin.link bin.v2/libs/stacktrace/build/clang-darwin-12.0/release/threading-multi/visibility-hidden/addr2line_exe
Jamfile</Users/e823551/Documents/TDDCPP/boost_1_76_0/libs/stacktrace/build>.mp_simple_run_action bin.v2/libs/stacktrace/build/clang-darwin-12.0/release/threading-multi/visibility-hidden/addr2line.output
sh: /usr/bin/addr2line: No such file or directory
...updated 3 targets...
...found 5 targets...
...updating 3 targets...
clang-darwin.compile.c++ bin.v2/libs/stacktrace/build/clang-darwin-12.0/release/threading-multi/visibility-hidden/has_windbg.o
libs/stacktrace/build/has_windbg.cpp:8:10: fatal error: 'windows.h' file not found
#include <windows.h>
         ^~~~~~~~~~~
1 error generated.

    "clang++" -x c++ -fvisibility-inlines-hidden -fPIC -m64 -O3 -Wall -fvisibility=hidden -Wno-inline  -DBOOST_ALL_NO_LIB=1 -DNDEBUG -I"."  -c -o "bin.v2/libs/stacktrace/build/clang-darwin-12.0/release/threading-multi/visibility-hidden/has_windbg.o" "libs/stacktrace/build/has_windbg.cpp"

...failed clang-darwin.compile.c++ bin.v2/libs/stacktrace/build/clang-darwin-12.0/release/threading-multi/visibility-hidden/has_windbg.o...
...skipped <pbin.v2/libs/stacktrace/build/clang-darwin-12.0/release/threading-multi/visibility-hidden>WinDbg_exe for lack of <pbin.v2/libs/stacktrace/build/clang-darwin-12.0/release/threading-multi/visibility-hidden>has_windbg.o...
...skipped <pbin.v2/libs/stacktrace/build/clang-darwin-12.0/release/threading-multi/visibility-hidden>WinDbg.output for lack of <pbin.v2/libs/stacktrace/build/clang-darwin-12.0/release/threading-multi/visibility-hidden>WinDbg_exe...
...failed updating 1 target...
...skipped 2 targets...
...found 4 targets...
...updating 3 targets...
clang-darwin.compile.c++ bin.v2/libs/stacktrace/build/clang-darwin-12.0/release/threading-multi/visibility-hidden/has_windbg_cached.o
libs/stacktrace/build/has_windbg_cached.cpp:11:10: fatal error: 'windows.h' file not found
#include <windows.h>
         ^~~~~~~~~~~
1 error generated.

    "clang++" -x c++ -fvisibility-inlines-hidden -fPIC -m64 -O3 -Wall -fvisibility=hidden -Wno-inline  -DBOOST_ALL_NO_LIB=1 -DNDEBUG -I"."  -c -o "bin.v2/libs/stacktrace/build/clang-darwin-12.0/release/threading-multi/visibility-hidden/has_windbg_cached.o" "libs/stacktrace/build/has_windbg_cached.cpp"

...failed clang-darwin.compile.c++ bin.v2/libs/stacktrace/build/clang-darwin-12.0/release/threading-multi/visibility-hidden/has_windbg_cached.o...
...skipped <pbin.v2/libs/stacktrace/build/clang-darwin-12.0/release/threading-multi/visibility-hidden>WinDbgCached_exe for lack of <pbin.v2/libs/stacktrace/build/clang-darwin-12.0/release/threading-multi/visibility-hidden>has_windbg_cached.o...
...skipped <pbin.v2/libs/stacktrace/build/clang-darwin-12.0/release/threading-multi/visibility-hidden>WinDbgCached.output for lack of <pbin.v2/libs/stacktrace/build/clang-darwin-12.0/release/threading-multi/visibility-hidden>WinDbgCached_exe...
...failed updating 1 target...
...skipped 2 targets...
...found 165 targets...
...updating 7 targets...
clang-darwin.compile.c++ bin.v2/check/predef/clang-darwin-12.0/release/threading-multi/visibility-hidden/predef_check_cc_09a06289f4560e2f553bb0cbbec71436.o
In file included from /Users/e823551/Documents/TDDCPP/boost_1_76_0/libs/predef/tools/check/predef_check_cc_as_cpp.cpp:7:
/Users/e823551/Documents/TDDCPP/boost_1_76_0/libs/predef/tools/check/predef_check_cc.h:11:9: error: "FAILED"
#       error "FAILED"
        ^
1 error generated.

    "clang++" -x c++ -fvisibility-inlines-hidden -fPIC -m64 -O3 -Wall -fvisibility=hidden -Wno-inline  -DCHECK="BOOST_COMP_GNUC >= BOOST_VERSION_NUMBER(4,3,0)" -DNDEBUG -I"/Users/e823551/Documents/TDDCPP/boost_1_76_0" -I"/Users/e823551/Documents/TDDCPP/boost_1_76_0/libs/predef/include"  -c -o "bin.v2/check/predef/clang-darwin-12.0/release/threading-multi/visibility-hidden/predef_check_cc_09a06289f4560e2f553bb0cbbec71436.o" "/Users/e823551/Documents/TDDCPP/boost_1_76_0/libs/predef/tools/check/predef_check_cc_as_cpp.cpp"

...failed clang-darwin.compile.c++ bin.v2/check/predef/clang-darwin-12.0/release/threading-multi/visibility-hidden/predef_check_cc_09a06289f4560e2f553bb0cbbec71436.o...
...failed updating 1 target...
...updated 6 targets...
...found 4 targets...
...updating 4 targets...
clang-darwin.compile.c++ bin.v2/check/predef/clang-darwin-12.0/release/link-static/threading-multi/visibility-hidden/predef_check_cc_09a06289f4560e2f553bb0cbbec71436.o
In file included from /Users/e823551/Documents/TDDCPP/boost_1_76_0/libs/predef/tools/check/predef_check_cc_as_cpp.cpp:7:
/Users/e823551/Documents/TDDCPP/boost_1_76_0/libs/predef/tools/check/predef_check_cc.h:11:9: error: "FAILED"
#       error "FAILED"
        ^
1 error generated.

    "clang++" -x c++ -fvisibility-inlines-hidden -m64 -O3 -Wall -fvisibility=hidden -Wno-inline  -DCHECK="BOOST_COMP_GNUC >= BOOST_VERSION_NUMBER(4,3,0)" -DNDEBUG -I"/Users/e823551/Documents/TDDCPP/boost_1_76_0" -I"/Users/e823551/Documents/TDDCPP/boost_1_76_0/libs/predef/include"  -c -o "bin.v2/check/predef/clang-darwin-12.0/release/link-static/threading-multi/visibility-hidden/predef_check_cc_09a06289f4560e2f553bb0cbbec71436.o" "/Users/e823551/Documents/TDDCPP/boost_1_76_0/libs/predef/tools/check/predef_check_cc_as_cpp.cpp"

...failed clang-darwin.compile.c++ bin.v2/check/predef/clang-darwin-12.0/release/link-static/threading-multi/visibility-hidden/predef_check_cc_09a06289f4560e2f553bb0cbbec71436.o...
...failed updating 1 target...
...updated 3 targets...
...found 4 targets...
...updating 4 targets...
clang-darwin.compile.c++ bin.v2/libs/atomic/config/clang-darwin-12.0/release/link-static/threading-multi/visibility-hidden/has_sse2.o
...updated 4 targets...
...found 1 target...
...updating 1 target...
clang-darwin.compile.c++ bin.v2/libs/atomic/config/clang-darwin-12.0/release/link-static/threading-multi/visibility-hidden/has_sse41.o
...updated 1 target...
...found 4 targets...
...updating 4 targets...
clang-darwin.compile.c++ bin.v2/libs/context/build/clang-darwin-12.0/release/link-static/threading-multi/visibility-hidden/cxx11_hdr_mutex_check.o
libs/context/src/../build/cxx11_hdr_mutex.cpp:9:2: error: "C++11 <mutex> is not available."
#error "C++11 <mutex> is not available."
 ^
1 error generated.

    "clang++" -x c++ -fvisibility-inlines-hidden -m64 -O3 -Wall -fvisibility=hidden -Wno-inline  -DBOOST_ALL_NO_LIB=1 -DBOOST_CONTEXT_SOURCE -DNDEBUG -I"."  -c -o "bin.v2/libs/context/build/clang-darwin-12.0/release/link-static/threading-multi/visibility-hidden/cxx11_hdr_mutex_check.o" "libs/context/src/../build/cxx11_hdr_mutex.cpp"

...failed clang-darwin.compile.c++ bin.v2/libs/context/build/clang-darwin-12.0/release/link-static/threading-multi/visibility-hidden/cxx11_hdr_mutex_check.o...
...failed updating 1 target...
...updated 3 targets...
...found 5 targets...
...updating 5 targets...
clang-darwin.compile.c++ bin.v2/libs/thread/build/clang-darwin-12.0/release/link-static/threading-multi/visibility-hidden/has_atomic_flag_lockfree_test.o
clang-darwin.link bin.v2/libs/thread/build/clang-darwin-12.0/release/link-static/threading-multi/visibility-hidden/has_atomic_flag_lockfree
...updated 5 targets...
...found 4 targets...
...updating 4 targets...
clang-darwin.compile.c++ bin.v2/libs/filesystem/config/clang-darwin-12.0/release/link-static/threading-multi/visibility-hidden/has_stat_st_mtim.o
libs/filesystem/config/has_stat_st_mtim.cpp:17:8: error: no member named 'st_mtim' in 'stat'
    st.st_mtim.tv_nsec = 10;
    ~~ ^
1 error generated.

    "clang++" -x c++ -fvisibility-inlines-hidden -m64 -O3 -Wall -fvisibility=hidden -Wno-inline  -DBOOST_ALL_NO_LIB=1 -DNDEBUG -I"." -I"libs/filesystem/src"  -c -o "bin.v2/libs/filesystem/config/clang-darwin-12.0/release/link-static/threading-multi/visibility-hidden/has_stat_st_mtim.o" "libs/filesystem/config/has_stat_st_mtim.cpp"

...failed clang-darwin.compile.c++ bin.v2/libs/filesystem/config/clang-darwin-12.0/release/link-static/threading-multi/visibility-hidden/has_stat_st_mtim.o...
...failed updating 1 target...
...updated 3 targets...
...found 1 target...
...updating 1 target...
clang-darwin.compile.c++ bin.v2/libs/filesystem/config/clang-darwin-12.0/release/link-static/threading-multi/visibility-hidden/has_stat_st_mtimensec.o
libs/filesystem/config/has_stat_st_mtimensec.cpp:17:8: error: no member named 'st_mtimensec' in 'stat'
    st.st_mtimensec = 10;
    ~~ ^
1 error generated.

    "clang++" -x c++ -fvisibility-inlines-hidden -m64 -O3 -Wall -fvisibility=hidden -Wno-inline  -DBOOST_ALL_NO_LIB=1 -DNDEBUG -I"." -I"libs/filesystem/src"  -c -o "bin.v2/libs/filesystem/config/clang-darwin-12.0/release/link-static/threading-multi/visibility-hidden/has_stat_st_mtimensec.o" "libs/filesystem/config/has_stat_st_mtimensec.cpp"

...failed clang-darwin.compile.c++ bin.v2/libs/filesystem/config/clang-darwin-12.0/release/link-static/threading-multi/visibility-hidden/has_stat_st_mtimensec.o...
...failed updating 1 target...
...found 1 target...
...updating 1 target...
clang-darwin.compile.c++ bin.v2/libs/filesystem/config/clang-darwin-12.0/release/link-static/threading-multi/visibility-hidden/has_stat_st_mtimespec.o
...updated 1 target...
...found 1 target...
...updating 1 target...
clang-darwin.compile.c++ bin.v2/libs/filesystem/config/clang-darwin-12.0/release/link-static/threading-multi/visibility-hidden/has_stat_st_birthtim.o
libs/filesystem/config/has_stat_st_birthtim.cpp:17:8: error: no member named 'st_birthtim' in 'stat'
    st.st_birthtim.tv_sec = 1;
    ~~ ^
libs/filesystem/config/has_stat_st_birthtim.cpp:18:8: error: no member named 'st_birthtim' in 'stat'
    st.st_birthtim.tv_nsec = 10;
    ~~ ^
2 errors generated.

    "clang++" -x c++ -fvisibility-inlines-hidden -m64 -O3 -Wall -fvisibility=hidden -Wno-inline  -DBOOST_ALL_NO_LIB=1 -DNDEBUG -I"." -I"libs/filesystem/src"  -c -o "bin.v2/libs/filesystem/config/clang-darwin-12.0/release/link-static/threading-multi/visibility-hidden/has_stat_st_birthtim.o" "libs/filesystem/config/has_stat_st_birthtim.cpp"

...failed clang-darwin.compile.c++ bin.v2/libs/filesystem/config/clang-darwin-12.0/release/link-static/threading-multi/visibility-hidden/has_stat_st_birthtim.o...
...failed updating 1 target...
...found 1 target...
...updating 1 target...
clang-darwin.compile.c++ bin.v2/libs/filesystem/config/clang-darwin-12.0/release/link-static/threading-multi/visibility-hidden/has_stat_st_birthtimensec.o
libs/filesystem/config/has_stat_st_birthtimensec.cpp:18:8: error: no member named 'st_birthtimensec' in 'stat'
    st.st_birthtimensec = 10;
    ~~ ^
1 error generated.

    "clang++" -x c++ -fvisibility-inlines-hidden -m64 -O3 -Wall -fvisibility=hidden -Wno-inline  -DBOOST_ALL_NO_LIB=1 -DNDEBUG -I"." -I"libs/filesystem/src"  -c -o "bin.v2/libs/filesystem/config/clang-darwin-12.0/release/link-static/threading-multi/visibility-hidden/has_stat_st_birthtimensec.o" "libs/filesystem/config/has_stat_st_birthtimensec.cpp"

...failed clang-darwin.compile.c++ bin.v2/libs/filesystem/config/clang-darwin-12.0/release/link-static/threading-multi/visibility-hidden/has_stat_st_birthtimensec.o...
...failed updating 1 target...
...found 1 target...
...updating 1 target...
clang-darwin.compile.c++ bin.v2/libs/filesystem/config/clang-darwin-12.0/release/link-static/threading-multi/visibility-hidden/has_stat_st_birthtimespec.o
...updated 1 target...
...found 1 target...
...updating 1 target...
clang-darwin.compile.c++ bin.v2/libs/filesystem/config/clang-darwin-12.0/release/link-static/threading-multi/visibility-hidden/has_statx.o
libs/filesystem/config/has_statx.cpp:17:18: error: variable has incomplete type 'struct statx'
    struct statx st;
                 ^
libs/filesystem/config/has_statx.cpp:17:12: note: forward declaration of 'statx'
    struct statx st;
           ^
libs/filesystem/config/has_statx.cpp:18:58: error: use of undeclared identifier 'AT_NO_AUTOMOUNT'
    int res = statx(AT_FDCWD, ".", AT_SYMLINK_NOFOLLOW | AT_NO_AUTOMOUNT, STATX_BTIME, &st);
                                                         ^
libs/filesystem/config/has_statx.cpp:18:75: error: use of undeclared identifier 'STATX_BTIME'
    int res = statx(AT_FDCWD, ".", AT_SYMLINK_NOFOLLOW | AT_NO_AUTOMOUNT, STATX_BTIME, &st);
                                                                          ^
3 errors generated.

    "clang++" -x c++ -fvisibility-inlines-hidden -m64 -O3 -Wall -fvisibility=hidden -Wno-inline  -DBOOST_ALL_NO_LIB=1 -DNDEBUG -I"." -I"libs/filesystem/src"  -c -o "bin.v2/libs/filesystem/config/clang-darwin-12.0/release/link-static/threading-multi/visibility-hidden/has_statx.o" "libs/filesystem/config/has_statx.cpp"

...failed clang-darwin.compile.c++ bin.v2/libs/filesystem/config/clang-darwin-12.0/release/link-static/threading-multi/visibility-hidden/has_statx.o...
...failed updating 1 target...
...found 1 target...
...updating 1 target...
clang-darwin.compile.c++ bin.v2/libs/filesystem/config/clang-darwin-12.0/release/link-static/threading-multi/visibility-hidden/has_statx_syscall.o
libs/filesystem/config/has_statx_syscall.cpp:11:10: fatal error: 'linux/stat.h' file not found
#include <linux/stat.h>
         ^~~~~~~~~~~~~~
1 error generated.

    "clang++" -x c++ -fvisibility-inlines-hidden -m64 -O3 -Wall -fvisibility=hidden -Wno-inline  -DBOOST_ALL_NO_LIB=1 -DNDEBUG -I"." -I"libs/filesystem/src"  -c -o "bin.v2/libs/filesystem/config/clang-darwin-12.0/release/link-static/threading-multi/visibility-hidden/has_statx_syscall.o" "libs/filesystem/config/has_statx_syscall.cpp"

...failed clang-darwin.compile.c++ bin.v2/libs/filesystem/config/clang-darwin-12.0/release/link-static/threading-multi/visibility-hidden/has_statx_syscall.o...
...failed updating 1 target...
...found 4 targets...
...updating 4 targets...
clang-darwin.compile.c++ bin.v2/libs/config/checks/clang-darwin-12.0/release/link-static/threading-multi/visibility-hidden/cxx11_auto_declarations.o
libs/config/checks/test_case.cpp:216:7: error: "Defect macro BOOST_NO_CXX11_AUTO_DECLARATIONS is defined."
#     error "Defect macro BOOST_NO_CXX11_AUTO_DECLARATIONS is defined."
      ^
1 error generated.

    "clang++" -x c++ -fvisibility-inlines-hidden -m64 -O3 -Wall -fvisibility=hidden -Wno-inline  -DBOOST_ALL_NO_LIB=1 -DNDEBUG -DTEST_BOOST_NO_CXX11_AUTO_DECLARATIONS -I"."  -c -o "bin.v2/libs/config/checks/clang-darwin-12.0/release/link-static/threading-multi/visibility-hidden/cxx11_auto_declarations.o" "libs/config/checks/test_case.cpp"

...failed clang-darwin.compile.c++ bin.v2/libs/config/checks/clang-darwin-12.0/release/link-static/threading-multi/visibility-hidden/cxx11_auto_declarations.o...
...failed updating 1 target...
...updated 3 targets...
...found 1 target...
...updating 1 target...
clang-darwin.compile.c++ bin.v2/libs/config/checks/clang-darwin-12.0/release/link-static/threading-multi/visibility-hidden/cxx11_constexpr.o
libs/config/checks/test_case.cpp:251:7: error: "Defect macro BOOST_NO_CXX11_CONSTEXPR is defined."
#     error "Defect macro BOOST_NO_CXX11_CONSTEXPR is defined."
      ^
1 error generated.

    "clang++" -x c++ -fvisibility-inlines-hidden -m64 -O3 -Wall -fvisibility=hidden -Wno-inline  -DBOOST_ALL_NO_LIB=1 -DNDEBUG -DTEST_BOOST_NO_CXX11_CONSTEXPR -I"."  -c -o "bin.v2/libs/config/checks/clang-darwin-12.0/release/link-static/threading-multi/visibility-hidden/cxx11_constexpr.o" "libs/config/checks/test_case.cpp"

...failed clang-darwin.compile.c++ bin.v2/libs/config/checks/clang-darwin-12.0/release/link-static/threading-multi/visibility-hidden/cxx11_constexpr.o...
...failed updating 1 target...
...found 1 target...
...updating 1 target...
clang-darwin.compile.c++ bin.v2/libs/config/checks/clang-darwin-12.0/release/link-static/threading-multi/visibility-hidden/cxx11_defaulted_functions.o
libs/config/checks/test_case.cpp:661:7: error: "Defect macro BOOST_NO_CXX11_DEFAULTED_FUNCTIONS is defined."
#     error "Defect macro BOOST_NO_CXX11_DEFAULTED_FUNCTIONS is defined."
      ^
1 error generated.

    "clang++" -x c++ -fvisibility-inlines-hidden -m64 -O3 -Wall -fvisibility=hidden -Wno-inline  -DBOOST_ALL_NO_LIB=1 -DNDEBUG -DTEST_BOOST_NO_CXX11_DEFAULTED_FUNCTIONS -I"."  -c -o "bin.v2/libs/config/checks/clang-darwin-12.0/release/link-static/threading-multi/visibility-hidden/cxx11_defaulted_functions.o" "libs/config/checks/test_case.cpp"

...failed clang-darwin.compile.c++ bin.v2/libs/config/checks/clang-darwin-12.0/release/link-static/threading-multi/visibility-hidden/cxx11_defaulted_functions.o...
...failed updating 1 target...
...found 1 target...
...updating 1 target...
clang-darwin.compile.c++ bin.v2/libs/config/checks/clang-darwin-12.0/release/link-static/threading-multi/visibility-hidden/cxx11_final.o
libs/config/checks/test_case.cpp:321:7: error: "Defect macro BOOST_NO_CXX11_FINAL is defined."
#     error "Defect macro BOOST_NO_CXX11_FINAL is defined."
      ^
1 error generated.

    "clang++" -x c++ -fvisibility-inlines-hidden -m64 -O3 -Wall -fvisibility=hidden -Wno-inline  -DBOOST_ALL_NO_LIB=1 -DNDEBUG -DTEST_BOOST_NO_CXX11_FINAL -I"."  -c -o "bin.v2/libs/config/checks/clang-darwin-12.0/release/link-static/threading-multi/visibility-hidden/cxx11_final.o" "libs/config/checks/test_case.cpp"

...failed clang-darwin.compile.c++ bin.v2/libs/config/checks/clang-darwin-12.0/release/link-static/threading-multi/visibility-hidden/cxx11_final.o...
...failed updating 1 target...
...found 1 target...
...updating 1 target...
clang-darwin.compile.c++ bin.v2/libs/config/checks/clang-darwin-12.0/release/link-static/threading-multi/visibility-hidden/cxx11_hdr_mutex.o
libs/config/checks/test_case.cpp:366:7: error: "Defect macro BOOST_NO_CXX11_HDR_MUTEX is defined."
#     error "Defect macro BOOST_NO_CXX11_HDR_MUTEX is defined."
      ^
1 error generated.

    "clang++" -x c++ -fvisibility-inlines-hidden -m64 -O3 -Wall -fvisibility=hidden -Wno-inline  -DBOOST_ALL_NO_LIB=1 -DNDEBUG -DTEST_BOOST_NO_CXX11_HDR_MUTEX -I"."  -c -o "bin.v2/libs/config/checks/clang-darwin-12.0/release/link-static/threading-multi/visibility-hidden/cxx11_hdr_mutex.o" "libs/config/checks/test_case.cpp"

...failed clang-darwin.compile.c++ bin.v2/libs/config/checks/clang-darwin-12.0/release/link-static/threading-multi/visibility-hidden/cxx11_hdr_mutex.o...
...failed updating 1 target...
...found 1 target...
...updating 1 target...
clang-darwin.compile.c++ bin.v2/libs/config/checks/clang-darwin-12.0/release/link-static/threading-multi/visibility-hidden/cxx11_hdr_tuple.o
libs/config/checks/test_case.cpp:396:7: error: "Defect macro BOOST_NO_CXX11_HDR_TUPLE is defined."
#     error "Defect macro BOOST_NO_CXX11_HDR_TUPLE is defined."
      ^
1 error generated.

    "clang++" -x c++ -fvisibility-inlines-hidden -m64 -O3 -Wall -fvisibility=hidden -Wno-inline  -DBOOST_ALL_NO_LIB=1 -DNDEBUG -DTEST_BOOST_NO_CXX11_HDR_TUPLE -I"."  -c -o "bin.v2/libs/config/checks/clang-darwin-12.0/release/link-static/threading-multi/visibility-hidden/cxx11_hdr_tuple.o" "libs/config/checks/test_case.cpp"

...failed clang-darwin.compile.c++ bin.v2/libs/config/checks/clang-darwin-12.0/release/link-static/threading-multi/visibility-hidden/cxx11_hdr_tuple.o...
...failed updating 1 target...
...found 1 target...
...updating 1 target...
clang-darwin.compile.c++ bin.v2/libs/config/checks/clang-darwin-12.0/release/link-static/threading-multi/visibility-hidden/cxx11_lambdas.o
libs/config/checks/test_case.cpp:766:7: error: "Defect macro BOOST_NO_CXX11_LAMBDAS is defined."
#     error "Defect macro BOOST_NO_CXX11_LAMBDAS is defined."
      ^
1 error generated.

    "clang++" -x c++ -fvisibility-inlines-hidden -m64 -O3 -Wall -fvisibility=hidden -Wno-inline  -DBOOST_ALL_NO_LIB=1 -DNDEBUG -DTEST_BOOST_NO_CXX11_LAMBDAS -I"."  -c -o "bin.v2/libs/config/checks/clang-darwin-12.0/release/link-static/threading-multi/visibility-hidden/cxx11_lambdas.o" "libs/config/checks/test_case.cpp"

...failed clang-darwin.compile.c++ bin.v2/libs/config/checks/clang-darwin-12.0/release/link-static/threading-multi/visibility-hidden/cxx11_lambdas.o...
...failed updating 1 target...
...found 1 target...
...updating 1 target...
clang-darwin.compile.c++ bin.v2/libs/config/checks/clang-darwin-12.0/release/link-static/threading-multi/visibility-hidden/cxx11_noexcept.o
libs/config/checks/test_case.cpp:821:7: error: "Defect macro BOOST_NO_CXX11_NOEXCEPT is defined."
#     error "Defect macro BOOST_NO_CXX11_NOEXCEPT is defined."
      ^
1 error generated.

    "clang++" -x c++ -fvisibility-inlines-hidden -m64 -O3 -Wall -fvisibility=hidden -Wno-inline  -DBOOST_ALL_NO_LIB=1 -DNDEBUG -DTEST_BOOST_NO_CXX11_NOEXCEPT -I"."  -c -o "bin.v2/libs/config/checks/clang-darwin-12.0/release/link-static/threading-multi/visibility-hidden/cxx11_noexcept.o" "libs/config/checks/test_case.cpp"

...failed clang-darwin.compile.c++ bin.v2/libs/config/checks/clang-darwin-12.0/release/link-static/threading-multi/visibility-hidden/cxx11_noexcept.o...
...failed updating 1 target...
...found 1 target...
...updating 1 target...
clang-darwin.compile.c++ bin.v2/libs/config/checks/clang-darwin-12.0/release/link-static/threading-multi/visibility-hidden/cxx11_nullptr.o
libs/config/checks/test_case.cpp:826:7: error: "Defect macro BOOST_NO_CXX11_NULLPTR is defined."
#     error "Defect macro BOOST_NO_CXX11_NULLPTR is defined."
      ^
1 error generated.

    "clang++" -x c++ -fvisibility-inlines-hidden -m64 -O3 -Wall -fvisibility=hidden -Wno-inline  -DBOOST_ALL_NO_LIB=1 -DNDEBUG -DTEST_BOOST_NO_CXX11_NULLPTR -I"."  -c -o "bin.v2/libs/config/checks/clang-darwin-12.0/release/link-static/threading-multi/visibility-hidden/cxx11_nullptr.o" "libs/config/checks/test_case.cpp"

...failed clang-darwin.compile.c++ bin.v2/libs/config/checks/clang-darwin-12.0/release/link-static/threading-multi/visibility-hidden/cxx11_nullptr.o...
...failed updating 1 target...
...found 1 target...
...updating 1 target...
clang-darwin.compile.c++ bin.v2/libs/config/checks/clang-darwin-12.0/release/link-static/threading-multi/visibility-hidden/cxx11_rvalue_references.o
libs/config/checks/test_case.cpp:881:7: error: "Defect macro BOOST_NO_CXX11_RVALUE_REFERENCES is defined."
#     error "Defect macro BOOST_NO_CXX11_RVALUE_REFERENCES is defined."
      ^
1 error generated.

    "clang++" -x c++ -fvisibility-inlines-hidden -m64 -O3 -Wall -fvisibility=hidden -Wno-inline  -DBOOST_ALL_NO_LIB=1 -DNDEBUG -DTEST_BOOST_NO_CXX11_RVALUE_REFERENCES -I"."  -c -o "bin.v2/libs/config/checks/clang-darwin-12.0/release/link-static/threading-multi/visibility-hidden/cxx11_rvalue_references.o" "libs/config/checks/test_case.cpp"

...failed clang-darwin.compile.c++ bin.v2/libs/config/checks/clang-darwin-12.0/release/link-static/threading-multi/visibility-hidden/cxx11_rvalue_references.o...
...failed updating 1 target...
...found 1 target...
...updating 1 target...
clang-darwin.compile.c++ bin.v2/libs/config/checks/clang-darwin-12.0/release/link-static/threading-multi/visibility-hidden/cxx11_template_aliases.o
libs/config/checks/test_case.cpp:986:7: error: "Defect macro BOOST_NO_CXX11_TEMPLATE_ALIASES is defined."
#     error "Defect macro BOOST_NO_CXX11_TEMPLATE_ALIASES is defined."
      ^
1 error generated.

    "clang++" -x c++ -fvisibility-inlines-hidden -m64 -O3 -Wall -fvisibility=hidden -Wno-inline  -DBOOST_ALL_NO_LIB=1 -DNDEBUG -DTEST_BOOST_NO_CXX11_TEMPLATE_ALIASES -I"."  -c -o "bin.v2/libs/config/checks/clang-darwin-12.0/release/link-static/threading-multi/visibility-hidden/cxx11_template_aliases.o" "libs/config/checks/test_case.cpp"

...failed clang-darwin.compile.c++ bin.v2/libs/config/checks/clang-darwin-12.0/release/link-static/threading-multi/visibility-hidden/cxx11_template_aliases.o...
...failed updating 1 target...
...found 1 target...
...updating 1 target...
clang-darwin.compile.c++ bin.v2/libs/config/checks/clang-darwin-12.0/release/link-static/threading-multi/visibility-hidden/cxx11_thread_local.o
libs/config/checks/test_case.cpp:466:7: error: "Defect macro BOOST_NO_CXX11_THREAD_LOCAL is defined."
#     error "Defect macro BOOST_NO_CXX11_THREAD_LOCAL is defined."
      ^
1 error generated.

    "clang++" -x c++ -fvisibility-inlines-hidden -m64 -O3 -Wall -fvisibility=hidden -Wno-inline  -DBOOST_ALL_NO_LIB=1 -DNDEBUG -DTEST_BOOST_NO_CXX11_THREAD_LOCAL -I"."  -c -o "bin.v2/libs/config/checks/clang-darwin-12.0/release/link-static/threading-multi/visibility-hidden/cxx11_thread_local.o" "libs/config/checks/test_case.cpp"

...failed clang-darwin.compile.c++ bin.v2/libs/config/checks/clang-darwin-12.0/release/link-static/threading-multi/visibility-hidden/cxx11_thread_local.o...
...failed updating 1 target...
...found 1 target...
...updating 1 target...
clang-darwin.compile.c++ bin.v2/libs/config/checks/clang-darwin-12.0/release/link-static/threading-multi/visibility-hidden/cxx11_variadic_templates.o
libs/config/checks/test_case.cpp:1046:7: error: "Defect macro BOOST_NO_CXX11_VARIADIC_TEMPLATES is defined."
#     error "Defect macro BOOST_NO_CXX11_VARIADIC_TEMPLATES is defined."
      ^
1 error generated.

    "clang++" -x c++ -fvisibility-inlines-hidden -m64 -O3 -Wall -fvisibility=hidden -Wno-inline  -DBOOST_ALL_NO_LIB=1 -DNDEBUG -DTEST_BOOST_NO_CXX11_VARIADIC_TEMPLATES -I"."  -c -o "bin.v2/libs/config/checks/clang-darwin-12.0/release/link-static/threading-multi/visibility-hidden/cxx11_variadic_templates.o" "libs/config/checks/test_case.cpp"

...failed clang-darwin.compile.c++ bin.v2/libs/config/checks/clang-darwin-12.0/release/link-static/threading-multi/visibility-hidden/cxx11_variadic_templates.o...
...failed updating 1 target...
...found 5 targets...
...updating 5 targets...
clang-darwin.compile.c++ bin.v2/libs/regex/build/clang-darwin-12.0/release/link-static/threading-multi/visibility-hidden/has_icu_test.o
libs/regex/build/has_icu_test.cpp:12:10: fatal error: 'unicode/uversion.h' file not found
#include <unicode/uversion.h>
         ^~~~~~~~~~~~~~~~~~~~
1 error generated.

    "clang++" -x c++ -fvisibility-inlines-hidden -m64 -O3 -Wall -fvisibility=hidden -Wno-inline  -DBOOST_ALL_NO_LIB=1 -DBOOST_HAS_ICU=1 -DNDEBUG -I"."  -c -o "bin.v2/libs/regex/build/clang-darwin-12.0/release/link-static/threading-multi/visibility-hidden/has_icu_test.o" "libs/regex/build/has_icu_test.cpp"

...failed clang-darwin.compile.c++ bin.v2/libs/regex/build/clang-darwin-12.0/release/link-static/threading-multi/visibility-hidden/has_icu_test.o...
...skipped <pbin.v2/libs/regex/build/clang-darwin-12.0/release/link-static/threading-multi/visibility-hidden>has_icu for lack of <pbin.v2/libs/regex/build/clang-darwin-12.0/release/link-static/threading-multi/visibility-hidden>has_icu_test.o...
...failed updating 1 target...
...skipped 1 target...
...updated 3 targets...
...found 1 target...
...updating 1 target...
clang-darwin.compile.c++ bin.v2/standalone/ac/clang-darwin-12.0/release/link-static/threading-multi/visibility-hidden/zlib_h.o
...updated 1 target...
...found 2 targets...
...updating 2 targets...
clang-darwin.compile.c++ bin.v2/standalone/ac/clang-darwin-12.0/release/link-static/threading-multi/visibility-hidden/main-z.o
clang-darwin.link bin.v2/standalone/ac/clang-darwin-12.0/release/link-static/threading-multi/visibility-hidden/z
...updated 2 targets...
...found 1 target...
...updating 1 target...
clang-darwin.compile.c++ bin.v2/standalone/ac/clang-darwin-12.0/release/link-static/threading-multi/visibility-hidden/bzlib_h.o
...updated 1 target...
...found 2 targets...
...updating 2 targets...
clang-darwin.compile.c++ bin.v2/standalone/ac/clang-darwin-12.0/release/link-static/threading-multi/visibility-hidden/main-bz2.o
clang-darwin.link bin.v2/standalone/ac/clang-darwin-12.0/release/link-static/threading-multi/visibility-hidden/bz2
...updated 2 targets...
...found 1 target...
...updating 1 target...
clang-darwin.compile.c++ bin.v2/standalone/ac/clang-darwin-12.0/release/link-static/threading-multi/visibility-hidden/lzma_h.o
bin.v2/standalone/ac/lzma_h.cpp:1:10: fatal error: 'lzma.h' file not found
#include <lzma.h>
         ^~~~~~~~
1 error generated.

    "clang++" -x c++ -fvisibility-inlines-hidden -m64 -O3 -Wall -fvisibility=hidden -Wno-inline  -DNDEBUG   -c -o "bin.v2/standalone/ac/clang-darwin-12.0/release/link-static/threading-multi/visibility-hidden/lzma_h.o" "bin.v2/standalone/ac/lzma_h.cpp"

...failed clang-darwin.compile.c++ bin.v2/standalone/ac/clang-darwin-12.0/release/link-static/threading-multi/visibility-hidden/lzma_h.o...
...failed updating 1 target...
...found 2 targets...
...updating 2 targets...
clang-darwin.compile.c++ bin.v2/standalone/ac/clang-darwin-12.0/release/link-static/threading-multi/visibility-hidden/main-lzma.o
clang-darwin.link bin.v2/standalone/ac/clang-darwin-12.0/release/link-static/threading-multi/visibility-hidden/lzma
...updated 2 targets...
...found 1 target...
...updating 1 target...
clang-darwin.compile.c++ bin.v2/standalone/ac/clang-darwin-12.0/release/link-static/threading-multi/visibility-hidden/zstd_h.o
bin.v2/standalone/ac/zstd_h.cpp:1:10: fatal error: 'zstd.h' file not found
#include <zstd.h>
         ^~~~~~~~
1 error generated.

    "clang++" -x c++ -fvisibility-inlines-hidden -m64 -O3 -Wall -fvisibility=hidden -Wno-inline  -DNDEBUG   -c -o "bin.v2/standalone/ac/clang-darwin-12.0/release/link-static/threading-multi/visibility-hidden/zstd_h.o" "bin.v2/standalone/ac/zstd_h.cpp"

...failed clang-darwin.compile.c++ bin.v2/standalone/ac/clang-darwin-12.0/release/link-static/threading-multi/visibility-hidden/zstd_h.o...
...failed updating 1 target...
...found 5 targets...
...updating 5 targets...
clang-darwin.compile.c++ bin.v2/libs/iostreams/build/clang-darwin-12.0/release/link-static/threading-multi/visibility-hidden/has_lzma_cputhreads.o
libs/iostreams/src/../build/has_lzma_cputhreads.cpp:5:10: fatal error: 'lzma.h' file not found
#include <lzma.h>
         ^~~~~~~~
1 error generated.

    "clang++" -x c++ -fvisibility-inlines-hidden -m64 -O3 -Wall -fvisibility=hidden -Wno-inline  -DBOOST_ALL_NO_LIB=1 -DNDEBUG -I"."  -c -o "bin.v2/libs/iostreams/build/clang-darwin-12.0/release/link-static/threading-multi/visibility-hidden/has_lzma_cputhreads.o" "libs/iostreams/src/../build/has_lzma_cputhreads.cpp"

...failed clang-darwin.compile.c++ bin.v2/libs/iostreams/build/clang-darwin-12.0/release/link-static/threading-multi/visibility-hidden/has_lzma_cputhreads.o...
...skipped <pbin.v2/libs/iostreams/build/clang-darwin-12.0/release/link-static/threading-multi/visibility-hidden>has_lzma_cputhreads for lack of <pbin.v2/libs/iostreams/build/clang-darwin-12.0/release/link-static/threading-multi/visibility-hidden>has_lzma_cputhreads.o...
...failed updating 1 target...
...skipped 1 target...
...updated 3 targets...
...found 1 target...
...updating 1 target...
clang-darwin.compile.c++ bin.v2/libs/config/checks/clang-darwin-12.0/release/link-static/threading-multi/visibility-hidden/cxx11_decltype.o
libs/config/checks/test_case.cpp:646:7: error: "Defect macro BOOST_NO_CXX11_DECLTYPE is defined."
#     error "Defect macro BOOST_NO_CXX11_DECLTYPE is defined."
      ^
1 error generated.

    "clang++" -x c++ -fvisibility-inlines-hidden -m64 -O3 -Wall -fvisibility=hidden -Wno-inline  -DBOOST_ALL_NO_LIB=1 -DNDEBUG -DTEST_BOOST_NO_CXX11_DECLTYPE -I"."  -c -o "bin.v2/libs/config/checks/clang-darwin-12.0/release/link-static/threading-multi/visibility-hidden/cxx11_decltype.o" "libs/config/checks/test_case.cpp"

...failed clang-darwin.compile.c++ bin.v2/libs/config/checks/clang-darwin-12.0/release/link-static/threading-multi/visibility-hidden/cxx11_decltype.o...
...failed updating 1 target...
...found 4 targets...
...updating 4 targets...
clang-darwin.compile.c++ bin.v2/libs/json/clang-darwin-12.0/release/link-static/threading-multi/visibility-hidden/check_basic_alignas.o
libs/json/check/basic_alignas.cpp:7:1: error: C++ requires a type specifier for all declarations
alignas(16) char test1[10];
^
libs/json/check/basic_alignas.cpp:7:12: error: expected ';' after top level declarator
alignas(16) char test1[10];
           ^
           ;
libs/json/check/basic_alignas.cpp:8:1: error: C++ requires a type specifier for all declarations
alignas(double) char test2[10];
^
libs/json/check/basic_alignas.cpp:8:16: error: expected ';' after top level declarator
alignas(double) char test2[10];
               ^
               ;
libs/json/check/basic_alignas.cpp:9:1: error: unknown type name 'alignas'
alignas(some_struct) char test3[10];
^
libs/json/check/basic_alignas.cpp:9:21: error: expected ';' after top level declarator
alignas(some_struct) char test3[10];
                    ^
                    ;
6 errors generated.

    "clang++" -x c++ -fvisibility-inlines-hidden -m64 -O3 -Wall -fvisibility=hidden -Wno-inline  -DBOOST_ALL_NO_LIB=1 -DNDEBUG -I"."  -c -o "bin.v2/libs/json/clang-darwin-12.0/release/link-static/threading-multi/visibility-hidden/check_basic_alignas.o" "libs/json/check/basic_alignas.cpp"

...failed clang-darwin.compile.c++ bin.v2/libs/json/clang-darwin-12.0/release/link-static/threading-multi/visibility-hidden/check_basic_alignas.o...
...failed updating 1 target...
...updated 3 targets...
...found 5 targets...
...updating 5 targets...
clang-darwin.compile.c++ bin.v2/libs/locale/build/clang-darwin-12.0/release/link-static/threading-multi/visibility-hidden/has_iconv_libc_obj.o
clang-darwin.link bin.v2/libs/locale/build/clang-darwin-12.0/release/link-static/threading-multi/visibility-hidden/has_iconv
Undefined symbols for architecture x86_64:
  "_iconv_open", referenced from:
      _main in has_iconv_libc_obj.o
ld: symbol(s) not found for architecture x86_64
clang: error: linker command failed with exit code 1 (use -v to see invocation)

    "clang++"   -o "bin.v2/libs/locale/build/clang-darwin-12.0/release/link-static/threading-multi/visibility-hidden/has_iconv" "bin.v2/libs/locale/build/clang-darwin-12.0/release/link-static/threading-multi/visibility-hidden/has_iconv_libc_obj.o"        -m64 -fvisibility=hidden -fvisibility-inlines-hidden

...failed clang-darwin.link bin.v2/libs/locale/build/clang-darwin-12.0/release/link-static/threading-multi/visibility-hidden/has_iconv...
...failed updating 1 target...
...updated 4 targets...
...found 2 targets...
...updating 2 targets...
clang-darwin.compile.c++ bin.v2/libs/locale/build/clang-darwin-12.0/release/link-static/threading-multi/visibility-hidden/has_iconv_libc_ext.o
clang-darwin.link bin.v2/libs/locale/build/clang-darwin-12.0/release/link-static/threading-multi/visibility-hidden/has_external_iconv
...updated 2 targets...
...found 2 targets...
...updating 2 targets...
clang-darwin.compile.c++ bin.v2/libs/locale/build/clang-darwin-12.0/release/link-static/threading-multi/visibility-hidden/has_icu_obj.o
libs/locale/src/../build/has_icu_test.cpp:12:10: fatal error: 'unicode/uversion.h' file not found
#include <unicode/uversion.h>
         ^~~~~~~~~~~~~~~~~~~~
1 error generated.

    "clang++" -x c++ -fvisibility-inlines-hidden -m64 -O3 -Wall -fvisibility=hidden -Wno-inline  -DBOOST_ALL_NO_LIB=1 -DNDEBUG -I"."  -c -o "bin.v2/libs/locale/build/clang-darwin-12.0/release/link-static/threading-multi/visibility-hidden/has_icu_obj.o" "libs/locale/src/../build/has_icu_test.cpp"

...failed clang-darwin.compile.c++ bin.v2/libs/locale/build/clang-darwin-12.0/release/link-static/threading-multi/visibility-hidden/has_icu_obj.o...
...skipped <pbin.v2/libs/locale/build/clang-darwin-12.0/release/link-static/threading-multi/visibility-hidden>has_icu for lack of <pbin.v2/libs/locale/build/clang-darwin-12.0/release/link-static/threading-multi/visibility-hidden>has_icu_obj.o...
...failed updating 1 target...
...skipped 1 target...
...found 2 targets...
...updating 2 targets...
clang-darwin.compile.c++ bin.v2/libs/locale/build/clang-darwin-12.0/release/link-static/threading-multi/visibility-hidden/has_icu64_obj.o
libs/locale/src/../build/has_icu_test.cpp:12:10: fatal error: 'unicode/uversion.h' file not found
#include <unicode/uversion.h>
         ^~~~~~~~~~~~~~~~~~~~
1 error generated.

    "clang++" -x c++ -fvisibility-inlines-hidden -m64 -O3 -Wall -fvisibility=hidden -Wno-inline  -DBOOST_ALL_NO_LIB=1 -DNDEBUG -I"."  -c -o "bin.v2/libs/locale/build/clang-darwin-12.0/release/link-static/threading-multi/visibility-hidden/has_icu64_obj.o" "libs/locale/src/../build/has_icu_test.cpp"

...failed clang-darwin.compile.c++ bin.v2/libs/locale/build/clang-darwin-12.0/release/link-static/threading-multi/visibility-hidden/has_icu64_obj.o...
...skipped <pbin.v2/libs/locale/build/clang-darwin-12.0/release/link-static/threading-multi/visibility-hidden>has_icu64 for lack of <pbin.v2/libs/locale/build/clang-darwin-12.0/release/link-static/threading-multi/visibility-hidden>has_icu64_obj.o...
...failed updating 1 target...
...skipped 1 target...
...found 5 targets...
...updating 5 targets...
clang-darwin.compile.c++ bin.v2/libs/log/config/atomic-int32/clang-darwin-12.0/release/link-static/pch-off/threading-multi/visibility-hidden/atomic_int32.o
...updated 5 targets...
...found 5 targets...
...updating 5 targets...
clang-darwin.compile.c++ bin.v2/libs/log/config/native-syslog/clang-darwin-12.0/release/link-static/pch-off/threading-multi/visibility-hidden/native_syslog.o
...updated 5 targets...
...found 5 targets...
...updating 5 targets...
clang-darwin.compile.c++ bin.v2/libs/log/config/pthread-mutex-robust/clang-darwin-12.0/release/link-static/pch-off/threading-multi/visibility-hidden/pthread_mutex_robust.o
libs/log/config/pthread-mutex-robust/pthread_mutex_robust.cpp:17:40: error: use of undeclared identifier 'PTHREAD_MUTEX_ROBUST'
    pthread_mutexattr_setrobust(&attr, PTHREAD_MUTEX_ROBUST);
                                       ^
libs/log/config/pthread-mutex-robust/pthread_mutex_robust.cpp:26:15: error: use of undeclared identifier 'pthread_mutex_consistent'; did you mean 'pthread_mutex_destroy'?
        err = pthread_mutex_consistent(&m);
              ^~~~~~~~~~~~~~~~~~~~~~~~
              pthread_mutex_destroy
/Library/Developer/CommandLineTools/SDKs/MacOSX.sdk/usr/include/pthread.h:372:5: note: 'pthread_mutex_destroy' declared here
int pthread_mutex_destroy(pthread_mutex_t *);
    ^
2 errors generated.

    "clang++" -x c++ -fvisibility-inlines-hidden -m64 -O3 -Wall -fvisibility=hidden -Wno-inline  -DBOOST_ALL_NO_LIB=1 -DNDEBUG -I"."  -c -o "bin.v2/libs/log/config/pthread-mutex-robust/clang-darwin-12.0/release/link-static/pch-off/threading-multi/visibility-hidden/pthread_mutex_robust.o" "libs/log/config/pthread-mutex-robust/pthread_mutex_robust.cpp"

...failed clang-darwin.compile.c++ bin.v2/libs/log/config/pthread-mutex-robust/clang-darwin-12.0/release/link-static/pch-off/threading-multi/visibility-hidden/pthread_mutex_robust.o...
...failed updating 1 target...
...updated 4 targets...
...found 5 targets...
...updating 5 targets...
clang-darwin.compile.c++ bin.v2/libs/log/config/x86-ext/clang-darwin-12.0/release/link-static/pch-off/threading-multi/visibility-hidden/ssse3.o
...updated 5 targets...
...found 1 target...
...updating 1 target...
clang-darwin.compile.c++ bin.v2/libs/log/config/x86-ext/clang-darwin-12.0/release/link-static/pch-off/threading-multi/visibility-hidden/avx2.o
...updated 1 target...
...found 4 targets...
...updating 4 targets...
clang-darwin.compile.c++ bin.v2/libs/math/config/clang-darwin-12.0/release/link-static/threading-multi/visibility-hidden/has_gcc_visibility.o
...updated 4 targets...
...found 1 target...
...updating 1 target...
clang-darwin.compile.c++ bin.v2/libs/config/checks/clang-darwin-12.0/release/link-static/threading-multi/visibility-hidden/sfinae_expr.o
...updated 1 target...
...found 1 target...
...updating 1 target...
clang-darwin.compile.c++ bin.v2/libs/config/checks/clang-darwin-12.0/release/link-static/threading-multi/visibility-hidden/cxx11_unified_initialization_syntax.o
libs/config/checks/test_case.cpp:1021:7: error: "Defect macro BOOST_NO_CXX11_UNIFIED_INITIALIZATION_SYNTAX is defined."
#     error "Defect macro BOOST_NO_CXX11_UNIFIED_INITIALIZATION_SYNTAX is defined."
      ^
1 error generated.

    "clang++" -x c++ -fvisibility-inlines-hidden -m64 -O3 -Wall -fvisibility=hidden -Wno-inline  -DBOOST_ALL_NO_LIB=1 -DNDEBUG -DTEST_BOOST_NO_CXX11_UNIFIED_INITIALIZATION_SYNTAX -I"."  -c -o "bin.v2/libs/config/checks/clang-darwin-12.0/release/link-static/threading-multi/visibility-hidden/cxx11_unified_initialization_syntax.o" "libs/config/checks/test_case.cpp"

...failed clang-darwin.compile.c++ bin.v2/libs/config/checks/clang-darwin-12.0/release/link-static/threading-multi/visibility-hidden/cxx11_unified_initialization_syntax.o...
...failed updating 1 target...
...found 1 target...
...updating 1 target...
clang-darwin.compile.c++ bin.v2/libs/config/checks/clang-darwin-12.0/release/link-static/threading-multi/visibility-hidden/cxx11_hdr_initializer_list.o
libs/config/checks/test_case.cpp:361:7: error: "Defect macro BOOST_NO_CXX11_HDR_INITIALIZER_LIST is defined."
#     error "Defect macro BOOST_NO_CXX11_HDR_INITIALIZER_LIST is defined."
      ^
1 error generated.

    "clang++" -x c++ -fvisibility-inlines-hidden -m64 -O3 -Wall -fvisibility=hidden -Wno-inline  -DBOOST_ALL_NO_LIB=1 -DNDEBUG -DTEST_BOOST_NO_CXX11_HDR_INITIALIZER_LIST -I"."  -c -o "bin.v2/libs/config/checks/clang-darwin-12.0/release/link-static/threading-multi/visibility-hidden/cxx11_hdr_initializer_list.o" "libs/config/checks/test_case.cpp"

...failed clang-darwin.compile.c++ bin.v2/libs/config/checks/clang-darwin-12.0/release/link-static/threading-multi/visibility-hidden/cxx11_hdr_initializer_list.o...
...failed updating 1 target...
...found 1 target...
...updating 1 target...
clang-darwin.compile.c++ bin.v2/libs/config/checks/clang-darwin-12.0/release/link-static/threading-multi/visibility-hidden/cxx11_hdr_chrono.o
libs/config/checks/test_case.cpp:336:7: error: "Defect macro BOOST_NO_CXX11_HDR_CHRONO is defined."
#     error "Defect macro BOOST_NO_CXX11_HDR_CHRONO is defined."
      ^
1 error generated.

    "clang++" -x c++ -fvisibility-inlines-hidden -m64 -O3 -Wall -fvisibility=hidden -Wno-inline  -DBOOST_ALL_NO_LIB=1 -DNDEBUG -DTEST_BOOST_NO_CXX11_HDR_CHRONO -I"."  -c -o "bin.v2/libs/config/checks/clang-darwin-12.0/release/link-static/threading-multi/visibility-hidden/cxx11_hdr_chrono.o" "libs/config/checks/test_case.cpp"

...failed clang-darwin.compile.c++ bin.v2/libs/config/checks/clang-darwin-12.0/release/link-static/threading-multi/visibility-hidden/cxx11_hdr_chrono.o...
...failed updating 1 target...
...found 1 target...
...updating 1 target...
clang-darwin.compile.c++ bin.v2/libs/config/checks/clang-darwin-12.0/release/link-static/threading-multi/visibility-hidden/cxx11_numeric_limits.o
libs/config/checks/test_case.cpp:431:7: error: "Defect macro BOOST_NO_CXX11_NUMERIC_LIMITS is defined."
#     error "Defect macro BOOST_NO_CXX11_NUMERIC_LIMITS is defined."
      ^
1 error generated.

    "clang++" -x c++ -fvisibility-inlines-hidden -m64 -O3 -Wall -fvisibility=hidden -Wno-inline  -DBOOST_ALL_NO_LIB=1 -DNDEBUG -DTEST_BOOST_NO_CXX11_NUMERIC_LIMITS -I"."  -c -o "bin.v2/libs/config/checks/clang-darwin-12.0/release/link-static/threading-multi/visibility-hidden/cxx11_numeric_limits.o" "libs/config/checks/test_case.cpp"

...failed clang-darwin.compile.c++ bin.v2/libs/config/checks/clang-darwin-12.0/release/link-static/threading-multi/visibility-hidden/cxx11_numeric_limits.o...
...failed updating 1 target...
...found 1 target...
...updating 1 target...
clang-darwin.compile.c++ bin.v2/libs/config/checks/clang-darwin-12.0/release/link-static/threading-multi/visibility-hidden/cxx11_hdr_array.o
...updated 1 target...
...found 1 target...
...updating 1 target...
clang-darwin.compile.c++ bin.v2/libs/config/checks/clang-darwin-12.0/release/link-static/threading-multi/visibility-hidden/cxx11_hdr_atomic.o
libs/config/checks/test_case.cpp:331:7: error: "Defect macro BOOST_NO_CXX11_HDR_ATOMIC is defined."
#     error "Defect macro BOOST_NO_CXX11_HDR_ATOMIC is defined."
      ^
1 error generated.

    "clang++" -x c++ -fvisibility-inlines-hidden -m64 -O3 -Wall -fvisibility=hidden -Wno-inline  -DBOOST_ALL_NO_LIB=1 -DNDEBUG -DTEST_BOOST_NO_CXX11_HDR_ATOMIC -I"."  -c -o "bin.v2/libs/config/checks/clang-darwin-12.0/release/link-static/threading-multi/visibility-hidden/cxx11_hdr_atomic.o" "libs/config/checks/test_case.cpp"

...failed clang-darwin.compile.c++ bin.v2/libs/config/checks/clang-darwin-12.0/release/link-static/threading-multi/visibility-hidden/cxx11_hdr_atomic.o...
...failed updating 1 target...
...found 1 target...
...updating 1 target...
clang-darwin.compile.c++ bin.v2/libs/config/checks/clang-darwin-12.0/release/link-static/threading-multi/visibility-hidden/cxx11_hdr_type_traits.o
libs/config/checks/test_case.cpp:401:7: error: "Defect macro BOOST_NO_CXX11_HDR_TYPE_TRAITS is defined."
#     error "Defect macro BOOST_NO_CXX11_HDR_TYPE_TRAITS is defined."
      ^
1 error generated.

    "clang++" -x c++ -fvisibility-inlines-hidden -m64 -O3 -Wall -fvisibility=hidden -Wno-inline  -DBOOST_ALL_NO_LIB=1 -DNDEBUG -DTEST_BOOST_NO_CXX11_HDR_TYPE_TRAITS -I"."  -c -o "bin.v2/libs/config/checks/clang-darwin-12.0/release/link-static/threading-multi/visibility-hidden/cxx11_hdr_type_traits.o" "libs/config/checks/test_case.cpp"

...failed clang-darwin.compile.c++ bin.v2/libs/config/checks/clang-darwin-12.0/release/link-static/threading-multi/visibility-hidden/cxx11_hdr_type_traits.o...
...failed updating 1 target...
...found 1 target...
...updating 1 target...
clang-darwin.compile.c++ bin.v2/libs/config/checks/clang-darwin-12.0/release/link-static/threading-multi/visibility-hidden/cxx11_allocator.o
libs/config/checks/test_case.cpp:301:7: error: "Defect macro BOOST_NO_CXX11_ALLOCATOR is defined."
#     error "Defect macro BOOST_NO_CXX11_ALLOCATOR is defined."
      ^
1 error generated.

    "clang++" -x c++ -fvisibility-inlines-hidden -m64 -O3 -Wall -fvisibility=hidden -Wno-inline  -DBOOST_ALL_NO_LIB=1 -DNDEBUG -DTEST_BOOST_NO_CXX11_ALLOCATOR -I"."  -c -o "bin.v2/libs/config/checks/clang-darwin-12.0/release/link-static/threading-multi/visibility-hidden/cxx11_allocator.o" "libs/config/checks/test_case.cpp"

...failed clang-darwin.compile.c++ bin.v2/libs/config/checks/clang-darwin-12.0/release/link-static/threading-multi/visibility-hidden/cxx11_allocator.o...
...failed updating 1 target...
...found 1 target...
...updating 1 target...
clang-darwin.compile.c++ bin.v2/libs/config/checks/clang-darwin-12.0/release/link-static/threading-multi/visibility-hidden/cxx11_explicit_conversion_operators.o
libs/config/checks/test_case.cpp:696:7: error: "Defect macro BOOST_NO_CXX11_EXPLICIT_CONVERSION_OPERATORS is defined."
#     error "Defect macro BOOST_NO_CXX11_EXPLICIT_CONVERSION_OPERATORS is defined."
      ^
1 error generated.

    "clang++" -x c++ -fvisibility-inlines-hidden -m64 -O3 -Wall -fvisibility=hidden -Wno-inline  -DBOOST_ALL_NO_LIB=1 -DNDEBUG -DTEST_BOOST_NO_CXX11_EXPLICIT_CONVERSION_OPERATORS -I"."  -c -o "bin.v2/libs/config/checks/clang-darwin-12.0/release/link-static/threading-multi/visibility-hidden/cxx11_explicit_conversion_operators.o" "libs/config/checks/test_case.cpp"

...failed clang-darwin.compile.c++ bin.v2/libs/config/checks/clang-darwin-12.0/release/link-static/threading-multi/visibility-hidden/cxx11_explicit_conversion_operators.o...
...failed updating 1 target...
...found 1 target...
...updating 1 target...
clang-darwin.compile.c++ bin.v2/libs/config/checks/clang-darwin-12.0/release/link-static/threading-multi/visibility-hidden/cxx11_static_assert.o
libs/config/checks/test_case.cpp:906:7: error: "Defect macro BOOST_NO_CXX11_STATIC_ASSERT is defined."
#     error "Defect macro BOOST_NO_CXX11_STATIC_ASSERT is defined."
      ^
1 error generated.

    "clang++" -x c++ -fvisibility-inlines-hidden -m64 -O3 -Wall -fvisibility=hidden -Wno-inline  -DBOOST_ALL_NO_LIB=1 -DNDEBUG -DTEST_BOOST_NO_CXX11_STATIC_ASSERT -I"."  -c -o "bin.v2/libs/config/checks/clang-darwin-12.0/release/link-static/threading-multi/visibility-hidden/cxx11_static_assert.o" "libs/config/checks/test_case.cpp"

...failed clang-darwin.compile.c++ bin.v2/libs/config/checks/clang-darwin-12.0/release/link-static/threading-multi/visibility-hidden/cxx11_static_assert.o...
...failed updating 1 target...
...found 4 targets...
...updating 4 targets...
clang-darwin.compile.c++ bin.v2/libs/nowide/config/clang-darwin-12.0/release/link-static/threading-multi/visibility-hidden/cxx11_moveable_fstreams.o
In file included from libs/nowide/config/check_movable_fstreams.cpp:8:
In file included from /Applications/Xcode.app/Contents/Developer/Toolchains/XcodeDefault.xctoolchain/usr/bin/../include/c++/v1/fstream:183:
In file included from /Applications/Xcode.app/Contents/Developer/Toolchains/XcodeDefault.xctoolchain/usr/bin/../include/c++/v1/ostream:139:
/Applications/Xcode.app/Contents/Developer/Toolchains/XcodeDefault.xctoolchain/usr/bin/../include/c++/v1/streambuf:492:64: error: 'operator=' is a private member of 'std::__1::ios_base'
_LIBCPP_EXTERN_TEMPLATE(class _LIBCPP_EXTERN_TEMPLATE_TYPE_VIS basic_ios<char>)
                                                               ^
/Applications/Xcode.app/Contents/Developer/Toolchains/XcodeDefault.xctoolchain/usr/bin/../include/c++/v1/istream:1642:64: note: in implicit copy assignment operator for 'std::__1::basic_ios<char>' first required here
_LIBCPP_EXTERN_TEMPLATE(class _LIBCPP_EXTERN_TEMPLATE_TYPE_VIS basic_istream<char>)
                                                               ^
/Applications/Xcode.app/Contents/Developer/Toolchains/XcodeDefault.xctoolchain/usr/bin/../include/c++/v1/istream:1644:64: note: in implicit copy assignment operator for 'std::__1::basic_istream<char>' first required here
_LIBCPP_EXTERN_TEMPLATE(class _LIBCPP_EXTERN_TEMPLATE_TYPE_VIS basic_iostream<char>)
                                                               ^
/Applications/Xcode.app/Contents/Developer/Toolchains/XcodeDefault.xctoolchain/usr/bin/../include/c++/v1/iosfwd:148:32: note: in implicit copy assignment operator for 'std::__1::basic_iostream<char>' first required here
    class _LIBCPP_TEMPLATE_VIS basic_fstream;
                               ^
libs/nowide/config/check_movable_fstreams.cpp:17:8: note: in implicit copy assignment operator for 'std::__1::basic_fstream<char, std::__1::char_traits<char> >' first required here
    s2 = std::move(s1);
       ^
/Applications/Xcode.app/Contents/Developer/Toolchains/XcodeDefault.xctoolchain/usr/bin/../include/c++/v1/ios:313:15: note: declared private here
    ios_base& operator=(const ios_base&); // = delete;
              ^
1 error generated.

    "clang++" -x c++ -fvisibility-inlines-hidden -m64 -O3 -Wall -fvisibility=hidden -Wno-inline  -DBOOST_ALL_NO_LIB=1 -DNDEBUG -I"."  -c -o "bin.v2/libs/nowide/config/clang-darwin-12.0/release/link-static/threading-multi/visibility-hidden/cxx11_moveable_fstreams.o" "libs/nowide/config/check_movable_fstreams.cpp"

...failed clang-darwin.compile.c++ bin.v2/libs/nowide/config/clang-darwin-12.0/release/link-static/threading-multi/visibility-hidden/cxx11_moveable_fstreams.o...
...failed updating 1 target...
...updated 3 targets...
...found 2 targets...
...updating 2 targets...
clang-darwin.compile.c++ bin.v2/libs/nowide/config/clang-darwin-12.0/release/link-static/threading-multi/visibility-hidden/check_lfs_support.o
libs/nowide/config/check_lfs_support.cpp:29:11: error: use of undeclared identifier 'nullptr'
    check(nullptr);
          ^
1 error generated.

    "clang++" -x c++ -fvisibility-inlines-hidden -m64 -O3 -Wall -fvisibility=hidden -Wno-inline  -DBOOST_ALL_NO_LIB=1 -DNDEBUG -I"."  -c -o "bin.v2/libs/nowide/config/clang-darwin-12.0/release/link-static/threading-multi/visibility-hidden/check_lfs_support.o" "libs/nowide/config/check_lfs_support.cpp"

...failed clang-darwin.compile.c++ bin.v2/libs/nowide/config/clang-darwin-12.0/release/link-static/threading-multi/visibility-hidden/check_lfs_support.o...
...skipped <pbin.v2/libs/nowide/config/clang-darwin-12.0/release/link-static/threading-multi/visibility-hidden>lfs_support for lack of <pbin.v2/libs/nowide/config/clang-darwin-12.0/release/link-static/threading-multi/visibility-hidden>check_lfs_support.o...
...failed updating 1 target...
...skipped 1 target...
...found 6 targets...
...updating 6 targets...
clang-darwin.compile.c++ bin.v2/libs/stacktrace/build/clang-darwin-12.0/release/link-static/threading-multi/visibility-hidden/has_backtrace.o
libs/stacktrace/build/has_backtrace.cpp:7:10: fatal error: 'backtrace.h' file not found
#include <backtrace.h>
         ^~~~~~~~~~~~~
1 error generated.

    "clang++" -x c++ -fvisibility-inlines-hidden -m64 -O3 -Wall -fvisibility=hidden -Wno-inline  -DBOOST_ALL_NO_LIB=1 -DNDEBUG -I"."  -c -o "bin.v2/libs/stacktrace/build/clang-darwin-12.0/release/link-static/threading-multi/visibility-hidden/has_backtrace.o" "libs/stacktrace/build/has_backtrace.cpp"

...failed clang-darwin.compile.c++ bin.v2/libs/stacktrace/build/clang-darwin-12.0/release/link-static/threading-multi/visibility-hidden/has_backtrace.o...
...skipped <pbin.v2/libs/stacktrace/build/clang-darwin-12.0/release/link-static/threading-multi/visibility-hidden>libbacktrace_exe for lack of <pbin.v2/libs/stacktrace/build/clang-darwin-12.0/release/link-static/threading-multi/visibility-hidden>has_backtrace.o...
...skipped <pbin.v2/libs/stacktrace/build/clang-darwin-12.0/release/link-static/threading-multi/visibility-hidden>libbacktrace.output for lack of <pbin.v2/libs/stacktrace/build/clang-darwin-12.0/release/link-static/threading-multi/visibility-hidden>libbacktrace_exe...
...failed updating 1 target...
...skipped 2 targets...
...updated 3 targets...
...found 3 targets...
...updating 3 targets...
clang-darwin.compile.c++ bin.v2/libs/stacktrace/build/clang-darwin-12.0/release/link-static/threading-multi/visibility-hidden/has_addr2line.o
clang-darwin.link bin.v2/libs/stacktrace/build/clang-darwin-12.0/release/link-static/threading-multi/visibility-hidden/addr2line_exe
Jamfile</Users/e823551/Documents/TDDCPP/boost_1_76_0/libs/stacktrace/build>.mp_simple_run_action bin.v2/libs/stacktrace/build/clang-darwin-12.0/release/link-static/threading-multi/visibility-hidden/addr2line.output
sh: /usr/bin/addr2line: No such file or directory
...updated 3 targets...
...found 3 targets...
...updating 3 targets...
clang-darwin.compile.c++ bin.v2/libs/stacktrace/build/clang-darwin-12.0/release/link-static/threading-multi/visibility-hidden/has_windbg.o
libs/stacktrace/build/has_windbg.cpp:8:10: fatal error: 'windows.h' file not found
#include <windows.h>
         ^~~~~~~~~~~
1 error generated.

    "clang++" -x c++ -fvisibility-inlines-hidden -m64 -O3 -Wall -fvisibility=hidden -Wno-inline  -DBOOST_ALL_NO_LIB=1 -DNDEBUG -I"."  -c -o "bin.v2/libs/stacktrace/build/clang-darwin-12.0/release/link-static/threading-multi/visibility-hidden/has_windbg.o" "libs/stacktrace/build/has_windbg.cpp"

...failed clang-darwin.compile.c++ bin.v2/libs/stacktrace/build/clang-darwin-12.0/release/link-static/threading-multi/visibility-hidden/has_windbg.o...
...skipped <pbin.v2/libs/stacktrace/build/clang-darwin-12.0/release/link-static/threading-multi/visibility-hidden>WinDbg_exe for lack of <pbin.v2/libs/stacktrace/build/clang-darwin-12.0/release/link-static/threading-multi/visibility-hidden>has_windbg.o...
...skipped <pbin.v2/libs/stacktrace/build/clang-darwin-12.0/release/link-static/threading-multi/visibility-hidden>WinDbg.output for lack of <pbin.v2/libs/stacktrace/build/clang-darwin-12.0/release/link-static/threading-multi/visibility-hidden>WinDbg_exe...
...failed updating 1 target...
...skipped 2 targets...
...found 3 targets...
...updating 3 targets...
clang-darwin.compile.c++ bin.v2/libs/stacktrace/build/clang-darwin-12.0/release/link-static/threading-multi/visibility-hidden/has_windbg_cached.o
libs/stacktrace/build/has_windbg_cached.cpp:11:10: fatal error: 'windows.h' file not found
#include <windows.h>
         ^~~~~~~~~~~
1 error generated.

    "clang++" -x c++ -fvisibility-inlines-hidden -m64 -O3 -Wall -fvisibility=hidden -Wno-inline  -DBOOST_ALL_NO_LIB=1 -DNDEBUG -I"."  -c -o "bin.v2/libs/stacktrace/build/clang-darwin-12.0/release/link-static/threading-multi/visibility-hidden/has_windbg_cached.o" "libs/stacktrace/build/has_windbg_cached.cpp"

...failed clang-darwin.compile.c++ bin.v2/libs/stacktrace/build/clang-darwin-12.0/release/link-static/threading-multi/visibility-hidden/has_windbg_cached.o...
...skipped <pbin.v2/libs/stacktrace/build/clang-darwin-12.0/release/link-static/threading-multi/visibility-hidden>WinDbgCached_exe for lack of <pbin.v2/libs/stacktrace/build/clang-darwin-12.0/release/link-static/threading-multi/visibility-hidden>has_windbg_cached.o...
...skipped <pbin.v2/libs/stacktrace/build/clang-darwin-12.0/release/link-static/threading-multi/visibility-hidden>WinDbgCached.output for lack of <pbin.v2/libs/stacktrace/build/clang-darwin-12.0/release/link-static/threading-multi/visibility-hidden>WinDbgCached_exe...
...failed updating 1 target...
...skipped 2 targets...
...found 1 target...
...updating 1 target...
config-cache.write bin.v2/project-cache.jam
...updated 1 target...
